<?xml version="1.0" encoding="UTF-8"?>
<coverage generated="1772318539316" clover="3.2.0">
  <project timestamp="1772318539316" name="All files">
    <metrics statements="317" coveredstatements="267" conditionals="226" coveredconditionals="151" methods="69" coveredmethods="64" elements="612" coveredelements="482" complexity="0" loc="317" ncloc="317" packages="5" files="18" classes="18"/>
    <package name="src">
      <metrics statements="4" coveredstatements="4" conditionals="2" coveredconditionals="1" methods="1" coveredmethods="1"/>
      <file name="errorPage.jsx" path="/Users/ryanskeels/repos/poetry-app/src/errorPage.jsx">
        <metrics statements="3" coveredstatements="3" conditionals="2" coveredconditionals="1" methods="1" coveredmethods="1"/>
        <line num="4" count="1" type="stmt"/>
        <line num="5" count="1" type="stmt"/>
        <line num="7" count="1" type="stmt"/>
      </file>
      <file name="routes.jsx" path="/Users/ryanskeels/repos/poetry-app/src/routes.jsx">
        <metrics statements="1" coveredstatements="1" conditionals="0" coveredconditionals="0" methods="0" coveredmethods="0"/>
        <line num="6" count="1" type="stmt"/>
      </file>
    </package>
    <package name="src.pages.HaikuApp.src.pages">
      <metrics statements="173" coveredstatements="145" conditionals="110" coveredconditionals="67" methods="34" coveredmethods="32"/>
      <file name="HaikuApp.css" path="/Users/ryanskeels/repos/poetry-app/src/pages/HaikuApp/src/pages/HaikuApp.css">
        <metrics statements="0" coveredstatements="0" conditionals="0" coveredconditionals="0" methods="0" coveredmethods="0"/>
      </file>
      <file name="HaikuApp.jsx" path="/Users/ryanskeels/repos/poetry-app/src/pages/HaikuApp/src/pages/HaikuApp.jsx">
        <metrics statements="71" coveredstatements="60" conditionals="37" coveredconditionals="29" methods="20" coveredmethods="18"/>
        <line num="12" count="962" type="stmt"/>
        <line num="13" count="962" type="stmt"/>
        <line num="14" count="962" type="cond" truecount="1" falsecount="1"/>
        <line num="16" count="962" type="stmt"/>
        <line num="22" count="962" type="stmt"/>
        <line num="23" count="962" type="stmt"/>
        <line num="24" count="962" type="stmt"/>
        <line num="25" count="962" type="stmt"/>
        <line num="26" count="962" type="stmt"/>
        <line num="27" count="962" type="stmt"/>
        <line num="28" count="962" type="stmt"/>
        <line num="29" count="962" type="stmt"/>
        <line num="32" count="962" type="cond" truecount="3" falsecount="0"/>
        <line num="38" count="962" type="cond" truecount="3" falsecount="0"/>
        <line num="40" count="962" type="stmt"/>
        <line num="41" count="912" type="stmt"/>
        <line num="47" count="962" type="stmt"/>
        <line num="49" count="1" type="stmt"/>
        <line num="50" count="1" type="stmt"/>
        <line num="51" count="1" type="stmt"/>
        <line num="52" count="1" type="cond" truecount="1" falsecount="1"/>
        <line num="55" count="1" type="stmt"/>
        <line num="56" count="1" type="stmt"/>
        <line num="57" count="1" type="stmt"/>
        <line num="60" count="1" type="stmt"/>
        <line num="63" count="1" type="stmt"/>
        <line num="66" count="1" type="stmt"/>
        <line num="69" count="1" type="stmt"/>
        <line num="71" count="0" type="stmt"/>
        <line num="72" count="0" type="stmt"/>
        <line num="73" count="0" type="stmt"/>
        <line num="74" count="0" type="stmt"/>
        <line num="75" count="0" type="stmt"/>
        <line num="76" count="0" type="stmt"/>
        <line num="80" count="962" type="stmt"/>
        <line num="87" count="1" type="stmt"/>
        <line num="103" count="265" type="stmt"/>
        <line num="109" count="399" type="stmt"/>
        <line num="115" count="248" type="stmt"/>
        <line num="132" count="10" type="stmt"/>
        <line num="133" count="10" type="stmt"/>
        <line num="134" count="10" type="stmt"/>
        <line num="139" count="10" type="stmt"/>
        <line num="140" count="7" type="stmt"/>
        <line num="141" count="7" type="stmt"/>
        <line num="142" count="7" type="stmt"/>
        <line num="143" count="7" type="stmt"/>
        <line num="146" count="10" type="stmt"/>
        <line num="147" count="10" type="stmt"/>
        <line num="157" count="9" type="cond" truecount="1" falsecount="1"/>
        <line num="158" count="0" type="stmt"/>
        <line num="160" count="9" type="stmt"/>
        <line num="161" count="9" type="stmt"/>
        <line num="162" count="9" type="stmt"/>
        <line num="163" count="9" type="stmt"/>
        <line num="175" count="1" type="stmt"/>
        <line num="189" count="0" type="cond" truecount="0" falsecount="2"/>
        <line num="190" count="0" type="stmt"/>
        <line num="192" count="0" type="stmt"/>
        <line num="193" count="0" type="stmt"/>
        <line num="218" count="13" type="stmt"/>
        <line num="228" count="4" type="stmt"/>
        <line num="229" count="4" type="stmt"/>
        <line num="238" count="1" type="stmt"/>
        <line num="239" count="1" type="stmt"/>
        <line num="240" count="1" type="stmt"/>
        <line num="241" count="1" type="stmt"/>
        <line num="267" count="1" type="stmt"/>
        <line num="268" count="1" type="stmt"/>
        <line num="269" count="1" type="stmt"/>
        <line num="277" count="1" type="stmt"/>
      </file>
      <file name="HaikuLine.css" path="/Users/ryanskeels/repos/poetry-app/src/pages/HaikuApp/src/pages/HaikuLine.css">
        <metrics statements="0" coveredstatements="0" conditionals="0" coveredconditionals="0" methods="0" coveredmethods="0"/>
      </file>
      <file name="HaikuLine.jsx" path="/Users/ryanskeels/repos/poetry-app/src/pages/HaikuApp/src/pages/HaikuLine.jsx">
        <metrics statements="18" coveredstatements="14" conditionals="12" coveredconditionals="5" methods="4" coveredmethods="4"/>
        <line num="8" count="3320" type="stmt"/>
        <line num="10" count="3320" type="stmt"/>
        <line num="12" count="3320" type="stmt"/>
        <line num="15" count="3320" type="stmt"/>
        <line num="16" count="3320" type="cond" truecount="1" falsecount="1"/>
        <line num="17" count="3320" type="stmt"/>
        <line num="18" count="0" type="cond" truecount="0" falsecount="2"/>
        <line num="19" count="0" type="stmt"/>
        <line num="20" count="0" type="cond" truecount="0" falsecount="2"/>
        <line num="21" count="0" type="stmt"/>
        <line num="25" count="3320" type="stmt"/>
        <line num="30" count="3320" type="stmt"/>
        <line num="44" count="912" type="stmt"/>
        <line num="46" count="912" type="cond" truecount="2" falsecount="0"/>
        <line num="47" count="483" type="stmt"/>
        <line num="48" count="179" type="stmt"/>
        <line num="49" count="179" type="stmt"/>
        <line num="50" count="179" type="stmt"/>
      </file>
      <file name="WordFind.js" path="/Users/ryanskeels/repos/poetry-app/src/pages/HaikuApp/src/pages/WordFind.js">
        <metrics statements="36" coveredstatements="34" conditionals="8" coveredconditionals="6" methods="3" coveredmethods="3"/>
        <line num="5" count="4" type="stmt"/>
        <line num="7" count="4" type="stmt"/>
        <line num="8" count="4305" type="stmt"/>
        <line num="9" count="4305" type="stmt"/>
        <line num="10" count="4305" type="stmt"/>
        <line num="11" count="4305" type="stmt"/>
        <line num="13" count="4305" type="stmt"/>
        <line num="14" count="281" type="cond" truecount="2" falsecount="0"/>
        <line num="16" count="189" type="stmt"/>
        <line num="17" count="189" type="stmt"/>
        <line num="18" count="189" type="stmt"/>
        <line num="21" count="189" type="stmt"/>
        <line num="22" count="189" type="stmt"/>
        <line num="23" count="189" type="cond" truecount="2" falsecount="0"/>
        <line num="24" count="28" type="stmt"/>
        <line num="25" count="28" type="stmt"/>
        <line num="26" count="28" type="stmt"/>
        <line num="27" count="28" type="stmt"/>
        <line num="31" count="161" type="stmt"/>
        <line num="32" count="161" type="cond" truecount="1" falsecount="1"/>
        <line num="33" count="0" type="stmt"/>
        <line num="36" count="161" type="stmt"/>
        <line num="47" count="153" type="cond" truecount="1" falsecount="1"/>
        <line num="48" count="0" type="stmt"/>
        <line num="51" count="153" type="stmt"/>
        <line num="54" count="153" type="stmt"/>
        <line num="55" count="153" type="stmt"/>
        <line num="56" count="153" type="stmt"/>
        <line num="58" count="1" type="stmt"/>
        <line num="59" count="1" type="stmt"/>
        <line num="60" count="1" type="stmt"/>
        <line num="65" count="1" type="stmt"/>
        <line num="66" count="1" type="stmt"/>
        <line num="68" count="154" type="stmt"/>
        <line num="71" count="189" type="stmt"/>
        <line num="74" count="4305" type="stmt"/>
      </file>
      <file name="haikuStorage.js" path="/Users/ryanskeels/repos/poetry-app/src/pages/HaikuApp/src/pages/haikuStorage.js">
        <metrics statements="13" coveredstatements="13" conditionals="2" coveredconditionals="2" methods="4" coveredmethods="4"/>
        <line num="3" count="14" type="stmt"/>
        <line num="6" count="14" type="stmt"/>
        <line num="11" count="14" type="stmt"/>
        <line num="12" count="14" type="stmt"/>
        <line num="14" count="14" type="stmt"/>
        <line num="18" count="2" type="stmt"/>
        <line num="20" count="2" type="stmt"/>
        <line num="21" count="2" type="stmt"/>
        <line num="23" count="3" type="stmt"/>
        <line num="24" count="2" type="stmt"/>
        <line num="25" count="2" type="stmt"/>
        <line num="29" count="41" type="stmt"/>
        <line num="30" count="41" type="cond" truecount="2" falsecount="0"/>
      </file>
      <file name="syllableCounter.js" path="/Users/ryanskeels/repos/poetry-app/src/pages/HaikuApp/src/pages/syllableCounter.js">
        <metrics statements="35" coveredstatements="24" conditionals="51" coveredconditionals="25" methods="3" coveredmethods="3"/>
        <line num="2" count="1956" type="cond" truecount="4" falsecount="0"/>
        <line num="4" count="1808" type="stmt"/>
        <line num="5" count="7748" type="stmt"/>
        <line num="7" count="1808" type="stmt"/>
        <line num="9" count="1808" type="stmt"/>
        <line num="10" count="7569" type="stmt"/>
        <line num="13" count="7569" type="cond" truecount="4" falsecount="0"/>
        <line num="14" count="145" type="stmt"/>
        <line num="15" count="145" type="stmt"/>
        <line num="16" count="145" type="cond" truecount="1" falsecount="1"/>
        <line num="18" count="145" type="stmt"/>
        <line num="20" count="145" type="cond" truecount="1" falsecount="1"/>
        <line num="26" count="0" type="stmt"/>
        <line num="30" count="7424" type="cond" truecount="2" falsecount="2"/>
        <line num="31" count="0" type="stmt"/>
        <line num="32" count="0" type="stmt"/>
        <line num="33" count="0" type="cond" truecount="0" falsecount="2"/>
        <line num="36" count="0" type="cond" truecount="0" falsecount="4"/>
        <line num="40" count="0" type="cond" truecount="0" falsecount="4"/>
        <line num="41" count="0" type="stmt"/>
        <line num="46" count="0" type="cond" truecount="0" falsecount="4"/>
        <line num="47" count="0" type="stmt"/>
        <line num="51" count="7424" type="stmt"/>
        <line num="52" count="7424" type="cond" truecount="2" falsecount="0"/>
        <line num="53" count="7251" type="stmt"/>
        <line num="56" count="7424" type="cond" truecount="2" falsecount="2"/>
        <line num="57" count="0" type="stmt"/>
        <line num="60" count="7424" type="cond" truecount="4" falsecount="0"/>
        <line num="61" count="908" type="stmt"/>
        <line num="64" count="7424" type="cond" truecount="1" falsecount="1"/>
        <line num="69" count="0" type="stmt"/>
        <line num="73" count="7569" type="cond" truecount="2" falsecount="0"/>
        <line num="74" count="173" type="stmt"/>
        <line num="77" count="7569" type="stmt"/>
        <line num="80" count="1808" type="stmt"/>
      </file>
    </package>
    <package name="src.pages.Limerick">
      <metrics statements="127" coveredstatements="105" conditionals="106" coveredconditionals="75" methods="31" coveredmethods="28"/>
      <file name="LimerickApp.css" path="/Users/ryanskeels/repos/poetry-app/src/pages/Limerick/LimerickApp.css">
        <metrics statements="0" coveredstatements="0" conditionals="0" coveredconditionals="0" methods="0" coveredmethods="0"/>
      </file>
      <file name="LimerickApp.jsx" path="/Users/ryanskeels/repos/poetry-app/src/pages/Limerick/LimerickApp.jsx">
        <metrics statements="68" coveredstatements="57" conditionals="39" coveredconditionals="32" methods="22" coveredmethods="19"/>
        <line num="15" count="2152" type="stmt"/>
        <line num="17" count="2152" type="stmt"/>
        <line num="25" count="2152" type="stmt"/>
        <line num="26" count="2152" type="stmt"/>
        <line num="27" count="2152" type="stmt"/>
        <line num="28" count="2152" type="stmt"/>
        <line num="29" count="2152" type="stmt"/>
        <line num="30" count="2152" type="stmt"/>
        <line num="31" count="2152" type="stmt"/>
        <line num="33" count="2152" type="stmt"/>
        <line num="36" count="2152" type="cond" truecount="5" falsecount="0"/>
        <line num="44" count="2152" type="cond" truecount="5" falsecount="0"/>
        <line num="50" count="2152" type="stmt"/>
        <line num="51" count="2104" type="stmt"/>
        <line num="57" count="2152" type="stmt"/>
        <line num="59" count="1" type="stmt"/>
        <line num="62" count="1" type="cond" truecount="1" falsecount="1"/>
        <line num="65" count="1" type="stmt"/>
        <line num="66" count="1" type="stmt"/>
        <line num="67" count="1" type="stmt"/>
        <line num="70" count="1" type="stmt"/>
        <line num="73" count="1" type="stmt"/>
        <line num="76" count="1" type="stmt"/>
        <line num="79" count="1" type="stmt"/>
        <line num="81" count="0" type="stmt"/>
        <line num="82" count="0" type="stmt"/>
        <line num="83" count="0" type="stmt"/>
        <line num="84" count="0" type="stmt"/>
        <line num="85" count="0" type="stmt"/>
        <line num="89" count="2152" type="stmt"/>
        <line num="96" count="0" type="stmt"/>
        <line num="118" count="494" type="stmt"/>
        <line num="125" count="476" type="stmt"/>
        <line num="132" count="266" type="stmt"/>
        <line num="139" count="308" type="stmt"/>
        <line num="146" count="560" type="stmt"/>
        <line num="163" count="10" type="stmt"/>
        <line num="164" count="10" type="stmt"/>
        <line num="165" count="10" type="stmt"/>
        <line num="172" count="10" type="stmt"/>
        <line num="173" count="8" type="stmt"/>
        <line num="174" count="8" type="stmt"/>
        <line num="175" count="8" type="stmt"/>
        <line num="176" count="8" type="stmt"/>
        <line num="179" count="10" type="stmt"/>
        <line num="180" count="10" type="stmt"/>
        <line num="190" count="9" type="cond" truecount="1" falsecount="1"/>
        <line num="191" count="0" type="stmt"/>
        <line num="193" count="9" type="stmt"/>
        <line num="194" count="9" type="stmt"/>
        <line num="195" count="9" type="stmt"/>
        <line num="196" count="9" type="stmt"/>
        <line num="208" count="1" type="stmt"/>
        <line num="224" count="0" type="cond" truecount="0" falsecount="2"/>
        <line num="225" count="0" type="stmt"/>
        <line num="227" count="0" type="stmt"/>
        <line num="228" count="0" type="stmt"/>
        <line num="259" count="13" type="stmt"/>
        <line num="275" count="4" type="stmt"/>
        <line num="276" count="4" type="stmt"/>
        <line num="285" count="1" type="stmt"/>
        <line num="286" count="1" type="stmt"/>
        <line num="287" count="1" type="stmt"/>
        <line num="288" count="1" type="stmt"/>
        <line num="314" count="1" type="stmt"/>
        <line num="315" count="1" type="stmt"/>
        <line num="316" count="1" type="stmt"/>
        <line num="324" count="1" type="stmt"/>
      </file>
      <file name="LimerickLine.css" path="/Users/ryanskeels/repos/poetry-app/src/pages/Limerick/LimerickLine.css">
        <metrics statements="0" coveredstatements="0" conditionals="0" coveredconditionals="0" methods="0" coveredmethods="0"/>
      </file>
      <file name="LimerickLine.jsx" path="/Users/ryanskeels/repos/poetry-app/src/pages/Limerick/LimerickLine.jsx">
        <metrics statements="11" coveredstatements="11" conditionals="14" coveredconditionals="13" methods="2" coveredmethods="2"/>
        <line num="6" count="10760" type="stmt"/>
        <line num="9" count="10760" type="stmt"/>
        <line num="10" count="10760" type="cond" truecount="2" falsecount="0"/>
        <line num="11" count="6084" type="stmt"/>
        <line num="12" count="4676" type="cond" truecount="1" falsecount="1"/>
        <line num="13" count="4676" type="stmt"/>
        <line num="17" count="10760" type="stmt"/>
        <line num="24" count="10760" type="cond" truecount="4" falsecount="0"/>
        <line num="26" count="10760" type="cond" truecount="4" falsecount="0"/>
        <line num="27" count="10760" type="stmt"/>
        <line num="35" count="2104" type="stmt"/>
      </file>
      <file name="limericksStorage.js" path="/Users/ryanskeels/repos/poetry-app/src/pages/Limerick/limericksStorage.js">
        <metrics statements="13" coveredstatements="13" conditionals="2" coveredconditionals="2" methods="4" coveredmethods="4"/>
        <line num="3" count="14" type="stmt"/>
        <line num="6" count="14" type="stmt"/>
        <line num="11" count="14" type="stmt"/>
        <line num="12" count="14" type="stmt"/>
        <line num="14" count="14" type="stmt"/>
        <line num="18" count="2" type="stmt"/>
        <line num="20" count="2" type="stmt"/>
        <line num="21" count="2" type="stmt"/>
        <line num="23" count="3" type="stmt"/>
        <line num="24" count="2" type="stmt"/>
        <line num="25" count="2" type="stmt"/>
        <line num="29" count="41" type="stmt"/>
        <line num="30" count="41" type="cond" truecount="2" falsecount="0"/>
      </file>
      <file name="syllableCounter.js" path="/Users/ryanskeels/repos/poetry-app/src/pages/Limerick/syllableCounter.js">
        <metrics statements="35" coveredstatements="24" conditionals="51" coveredconditionals="28" methods="3" coveredmethods="3"/>
        <line num="2" count="17448" type="cond" truecount="4" falsecount="0"/>
        <line num="4" count="12552" type="stmt"/>
        <line num="5" count="75906" type="stmt"/>
        <line num="7" count="12552" type="stmt"/>
        <line num="9" count="12552" type="stmt"/>
        <line num="10" count="75060" type="stmt"/>
        <line num="13" count="75060" type="cond" truecount="2" falsecount="2"/>
        <line num="14" count="0" type="stmt"/>
        <line num="15" count="0" type="stmt"/>
        <line num="16" count="0" type="cond" truecount="0" falsecount="2"/>
        <line num="18" count="0" type="stmt"/>
        <line num="20" count="0" type="cond" truecount="0" falsecount="2"/>
        <line num="26" count="0" type="stmt"/>
        <line num="30" count="75060" type="cond" truecount="4" falsecount="0"/>
        <line num="31" count="2324" type="stmt"/>
        <line num="32" count="2324" type="stmt"/>
        <line num="33" count="2324" type="cond" truecount="1" falsecount="1"/>
        <line num="36" count="2324" type="cond" truecount="3" falsecount="1"/>
        <line num="40" count="0" type="cond" truecount="0" falsecount="4"/>
        <line num="41" count="0" type="stmt"/>
        <line num="46" count="2324" type="cond" truecount="2" falsecount="2"/>
        <line num="47" count="0" type="stmt"/>
        <line num="51" count="72736" type="stmt"/>
        <line num="52" count="72736" type="cond" truecount="2" falsecount="0"/>
        <line num="53" count="72030" type="stmt"/>
        <line num="55" count="72736" type="cond" truecount="2" falsecount="2"/>
        <line num="56" count="0" type="stmt"/>
        <line num="58" count="72736" type="cond" truecount="4" falsecount="0"/>
        <line num="59" count="5126" type="stmt"/>
        <line num="62" count="72736" type="cond" truecount="1" falsecount="1"/>
        <line num="67" count="0" type="stmt"/>
        <line num="71" count="75060" type="cond" truecount="2" falsecount="0"/>
        <line num="72" count="706" type="stmt"/>
        <line num="75" count="75060" type="stmt"/>
        <line num="78" count="12552" type="stmt"/>
      </file>
    </package>
    <package name="src.routes">
      <metrics statements="3" coveredstatements="3" conditionals="0" coveredconditionals="0" methods="1" coveredmethods="1"/>
      <file name="root.css" path="/Users/ryanskeels/repos/poetry-app/src/routes/root.css">
        <metrics statements="0" coveredstatements="0" conditionals="0" coveredconditionals="0" methods="0" coveredmethods="0"/>
      </file>
      <file name="root.jsx" path="/Users/ryanskeels/repos/poetry-app/src/routes/root.jsx">
        <metrics statements="3" coveredstatements="3" conditionals="0" coveredconditionals="0" methods="1" coveredmethods="1"/>
        <line num="6" count="10" type="stmt"/>
        <line num="7" count="10" type="stmt"/>
        <line num="8" count="10" type="stmt"/>
      </file>
    </package>
    <package name="src.utils">
      <metrics statements="10" coveredstatements="10" conditionals="8" coveredconditionals="8" methods="2" coveredmethods="2"/>
      <file name="wordCache.js" path="/Users/ryanskeels/repos/poetry-app/src/utils/wordCache.js">
        <metrics statements="10" coveredstatements="10" conditionals="8" coveredconditionals="8" methods="2" coveredmethods="2"/>
        <line num="1" count="5" type="stmt"/>
        <line num="5" count="162" type="stmt"/>
        <line num="6" count="162" type="cond" truecount="2" falsecount="0"/>
        <line num="8" count="162" type="cond" truecount="2" falsecount="0"/>
        <line num="9" count="18" type="stmt"/>
        <line num="11" count="144" type="stmt"/>
        <line num="12" count="144" type="stmt"/>
        <line num="17" count="195" type="stmt"/>
        <line num="18" count="195" type="cond" truecount="2" falsecount="0"/>
        <line num="19" count="195" type="cond" truecount="2" falsecount="0"/>
      </file>
    </package>
  </project>
</coverage>
