{"/Users/ryanskeels/repos/poetry-app/src/errorPage.jsx": {"path":"/Users/ryanskeels/repos/poetry-app/src/errorPage.jsx","statementMap":{"0":{"start":{"line":4,"column":8},"end":{"line":4,"column":null}},"1":{"start":{"line":5,"column":2},"end":{"line":5,"column":null}},"2":{"start":{"line":7,"column":2},"end":{"line":14,"column":null}}},"fnMap":{"0":{"name":"ErrorPage","decl":{"start":{"line":3,"column":24},"end":{"line":3,"column":36}},"loc":{"start":{"line":3,"column":36},"end":{"line":16,"column":null}},"line":3}},"branchMap":{"0":{"loc":{"start":{"line":12,"column":12},"end":{"line":12,"column":46}},"type":"binary-expr","locations":[{"start":{"line":12,"column":12},"end":{"line":12,"column":32}},{"start":{"line":12,"column":32},"end":{"line":12,"column":46}}],"line":12}},"s":{"0":1,"1":1,"2":1},"f":{"0":1},"b":{"0":[1,0]},"meta":{"lastBranch":1,"lastFunction":1,"lastStatement":3,"seen":{"f:3:24:3:36":0,"s:4:8:4:Infinity":0,"s:5:2:5:Infinity":1,"s:7:2:14:Infinity":2,"b:12:12:12:32:12:32:12:46":0}}}
,"/Users/ryanskeels/repos/poetry-app/src/routes.jsx": {"path":"/Users/ryanskeels/repos/poetry-app/src/routes.jsx","statementMap":{"0":{"start":{"line":6,"column":15},"end":{"line":22,"column":null}}},"fnMap":{},"branchMap":{},"s":{"0":1},"f":{},"b":{},"meta":{"lastBranch":0,"lastFunction":0,"lastStatement":1,"seen":{"s:6:15:22:Infinity":0}}}
,"/Users/ryanskeels/repos/poetry-app/src/pages/HaikuApp/src/pages/HaikuApp.css": {"path":"/Users/ryanskeels/repos/poetry-app/src/pages/HaikuApp/src/pages/HaikuApp.css","statementMap":{},"fnMap":{},"branchMap":{},"s":{},"f":{},"b":{},"meta":{"lastBranch":0,"lastFunction":0,"lastStatement":0,"seen":{}}}
,"/Users/ryanskeels/repos/poetry-app/src/pages/HaikuApp/src/pages/HaikuApp.jsx": {"path":"/Users/ryanskeels/repos/poetry-app/src/pages/HaikuApp/src/pages/HaikuApp.jsx","statementMap":{"0":{"start":{"line":12,"column":8},"end":{"line":12,"column":null}},"1":{"start":{"line":13,"column":35},"end":{"line":13,"column":null}},"2":{"start":{"line":14,"column":2},"end":{"line":14,"column":null}},"3":{"start":{"line":14,"column":16},"end":{"line":14,"column":null}},"4":{"start":{"line":16,"column":24},"end":{"line":20,"column":null}},"5":{"start":{"line":22,"column":24},"end":{"line":22,"column":null}},"6":{"start":{"line":23,"column":34},"end":{"line":23,"column":null}},"7":{"start":{"line":24,"column":36},"end":{"line":24,"column":null}},"8":{"start":{"line":25,"column":48},"end":{"line":25,"column":null}},"9":{"start":{"line":26,"column":34},"end":{"line":26,"column":null}},"10":{"start":{"line":27,"column":30},"end":{"line":27,"column":null}},"11":{"start":{"line":28,"column":36},"end":{"line":28,"column":null}},"12":{"start":{"line":29,"column":26},"end":{"line":29,"column":null}},"13":{"start":{"line":32,"column":8},"end":{"line":35,"column":null}},"14":{"start":{"line":38,"column":4},"end":{"line":38,"column":null}},"15":{"start":{"line":40,"column":21},"end":{"line":45,"column":null}},"16":{"start":{"line":41,"column":4},"end":{"line":44,"column":null}},"17":{"start":{"line":41,"column":24},"end":{"line":44,"column":6}},"18":{"start":{"line":47,"column":23},"end":{"line":78,"column":null}},"19":{"start":{"line":49,"column":24},"end":{"line":49,"column":null}},"20":{"start":{"line":50,"column":4},"end":{"line":50,"column":null}},"21":{"start":{"line":51,"column":4},"end":{"line":51,"column":null}},"22":{"start":{"line":52,"column":4},"end":{"line":52,"column":null}},"23":{"start":{"line":52,"column":22},"end":{"line":52,"column":null}},"24":{"start":{"line":55,"column":20},"end":{"line":55,"column":null}},"25":{"start":{"line":56,"column":28},"end":{"line":56,"column":null}},"26":{"start":{"line":57,"column":4},"end":{"line":57,"column":null}},"27":{"start":{"line":60,"column":4},"end":{"line":60,"column":null}},"28":{"start":{"line":63,"column":19},"end":{"line":63,"column":null}},"29":{"start":{"line":66,"column":4},"end":{"line":66,"column":null}},"30":{"start":{"line":69,"column":4},"end":{"line":77,"column":null}},"31":{"start":{"line":71,"column":18},"end":{"line":71,"column":null}},"32":{"start":{"line":72,"column":6},"end":{"line":72,"column":null}},"33":{"start":{"line":73,"column":19},"end":{"line":73,"column":null}},"34":{"start":{"line":74,"column":6},"end":{"line":74,"column":null}},"35":{"start":{"line":75,"column":6},"end":{"line":75,"column":null}},"36":{"start":{"line":76,"column":6},"end":{"line":76,"column":null}},"37":{"start":{"line":80,"column":2},"end":{"line":286,"column":null}},"38":{"start":{"line":87,"column":14},"end":{"line":87,"column":null}},"39":{"start":{"line":103,"column":31},"end":{"line":103,"column":null}},"40":{"start":{"line":109,"column":31},"end":{"line":109,"column":null}},"41":{"start":{"line":115,"column":31},"end":{"line":115,"column":null}},"42":{"start":{"line":132,"column":14},"end":{"line":132,"column":null}},"43":{"start":{"line":133,"column":14},"end":{"line":133,"column":null}},"44":{"start":{"line":134,"column":14},"end":{"line":138,"column":null}},"45":{"start":{"line":139,"column":14},"end":{"line":145,"column":null}},"46":{"start":{"line":140,"column":16},"end":{"line":140,"column":null}},"47":{"start":{"line":141,"column":16},"end":{"line":144,"column":null}},"48":{"start":{"line":142,"column":18},"end":{"line":142,"column":null}},"49":{"start":{"line":143,"column":18},"end":{"line":143,"column":null}},"50":{"start":{"line":146,"column":20},"end":{"line":146,"column":null}},"51":{"start":{"line":147,"column":14},"end":{"line":147,"column":null}},"52":{"start":{"line":157,"column":14},"end":{"line":164,"column":null}},"53":{"start":{"line":158,"column":16},"end":{"line":158,"column":null}},"54":{"start":{"line":160,"column":22},"end":{"line":160,"column":null}},"55":{"start":{"line":161,"column":16},"end":{"line":161,"column":null}},"56":{"start":{"line":162,"column":16},"end":{"line":162,"column":null}},"57":{"start":{"line":163,"column":16},"end":{"line":163,"column":null}},"58":{"start":{"line":175,"column":14},"end":{"line":179,"column":null}},"59":{"start":{"line":189,"column":14},"end":{"line":194,"column":null}},"60":{"start":{"line":190,"column":16},"end":{"line":190,"column":null}},"61":{"start":{"line":192,"column":16},"end":{"line":192,"column":null}},"62":{"start":{"line":193,"column":16},"end":{"line":193,"column":null}},"63":{"start":{"line":218,"column":16},"end":{"line":247,"column":null}},"64":{"start":{"line":228,"column":24},"end":{"line":228,"column":null}},"65":{"start":{"line":229,"column":24},"end":{"line":229,"column":null}},"66":{"start":{"line":238,"column":24},"end":{"line":238,"column":null}},"67":{"start":{"line":239,"column":24},"end":{"line":239,"column":null}},"68":{"start":{"line":240,"column":30},"end":{"line":240,"column":null}},"69":{"start":{"line":241,"column":24},"end":{"line":241,"column":null}},"70":{"start":{"line":267,"column":18},"end":{"line":267,"column":null}},"71":{"start":{"line":268,"column":18},"end":{"line":268,"column":null}},"72":{"start":{"line":269,"column":18},"end":{"line":269,"column":null}},"73":{"start":{"line":277,"column":18},"end":{"line":277,"column":null}}},"fnMap":{"0":{"name":"HaikuApp","decl":{"start":{"line":11,"column":9},"end":{"line":11,"column":20}},"loc":{"start":{"line":11,"column":20},"end":{"line":288,"column":null}},"line":11},"1":{"name":"(anonymous_1)","decl":{"start":{"line":40,"column":21},"end":{"line":40,"column":22}},"loc":{"start":{"line":40,"column":41},"end":{"line":45,"column":null}},"line":40},"2":{"name":"(anonymous_2)","decl":{"start":{"line":41,"column":13},"end":{"line":41,"column":14}},"loc":{"start":{"line":41,"column":24},"end":{"line":44,"column":6}},"line":41},"3":{"name":"(anonymous_3)","decl":{"start":{"line":47,"column":23},"end":{"line":47,"column":30}},"loc":{"start":{"line":47,"column":42},"end":{"line":78,"column":null}},"line":47},"4":{"name":"(anonymous_4)","decl":{"start":{"line":69,"column":18},"end":{"line":69,"column":19}},"loc":{"start":{"line":69,"column":28},"end":{"line":77,"column":5}},"line":69},"5":{"name":"(anonymous_5)","decl":{"start":{"line":86,"column":21},"end":{"line":86,"column":27}},"loc":{"start":{"line":86,"column":27},"end":{"line":88,"column":null}},"line":86},"6":{"name":"(anonymous_6)","decl":{"start":{"line":103,"column":20},"end":{"line":103,"column":21}},"loc":{"start":{"line":103,"column":31},"end":{"line":103,"column":null}},"line":103},"7":{"name":"(anonymous_7)","decl":{"start":{"line":109,"column":20},"end":{"line":109,"column":21}},"loc":{"start":{"line":109,"column":31},"end":{"line":109,"column":null}},"line":109},"8":{"name":"(anonymous_8)","decl":{"start":{"line":115,"column":20},"end":{"line":115,"column":21}},"loc":{"start":{"line":115,"column":31},"end":{"line":115,"column":null}},"line":115},"9":{"name":"(anonymous_9)","decl":{"start":{"line":131,"column":21},"end":{"line":131,"column":27}},"loc":{"start":{"line":131,"column":27},"end":{"line":148,"column":null}},"line":131},"10":{"name":"(anonymous_10)","decl":{"start":{"line":139,"column":25},"end":{"line":139,"column":31}},"loc":{"start":{"line":139,"column":31},"end":{"line":145,"column":17}},"line":139},"11":{"name":"(anonymous_11)","decl":{"start":{"line":141,"column":27},"end":{"line":141,"column":33}},"loc":{"start":{"line":141,"column":33},"end":{"line":144,"column":19}},"line":141},"12":{"name":"(anonymous_12)","decl":{"start":{"line":156,"column":21},"end":{"line":156,"column":27}},"loc":{"start":{"line":156,"column":27},"end":{"line":165,"column":null}},"line":156},"13":{"name":"(anonymous_13)","decl":{"start":{"line":174,"column":21},"end":{"line":174,"column":27}},"loc":{"start":{"line":174,"column":27},"end":{"line":180,"column":null}},"line":174},"14":{"name":"(anonymous_14)","decl":{"start":{"line":188,"column":21},"end":{"line":188,"column":27}},"loc":{"start":{"line":188,"column":27},"end":{"line":195,"column":null}},"line":188},"15":{"name":"(anonymous_15)","decl":{"start":{"line":217,"column":30},"end":{"line":217,"column":31}},"loc":{"start":{"line":218,"column":16},"end":{"line":247,"column":null}},"line":218},"16":{"name":"(anonymous_16)","decl":{"start":{"line":227,"column":31},"end":{"line":227,"column":37}},"loc":{"start":{"line":227,"column":37},"end":{"line":230,"column":null}},"line":227},"17":{"name":"(anonymous_17)","decl":{"start":{"line":237,"column":31},"end":{"line":237,"column":37}},"loc":{"start":{"line":237,"column":37},"end":{"line":242,"column":null}},"line":237},"18":{"name":"(anonymous_18)","decl":{"start":{"line":266,"column":25},"end":{"line":266,"column":31}},"loc":{"start":{"line":266,"column":31},"end":{"line":270,"column":null}},"line":266},"19":{"name":"(anonymous_19)","decl":{"start":{"line":276,"column":25},"end":{"line":276,"column":31}},"loc":{"start":{"line":276,"column":31},"end":{"line":278,"column":null}},"line":276}},"branchMap":{"0":{"loc":{"start":{"line":14,"column":2},"end":{"line":14,"column":null}},"type":"if","locations":[{"start":{"line":14,"column":2},"end":{"line":14,"column":null}},{"start":{},"end":{}}],"line":14},"1":{"loc":{"start":{"line":32,"column":8},"end":{"line":35,"column":null}},"type":"binary-expr","locations":[{"start":{"line":32,"column":8},"end":{"line":33,"column":null}},{"start":{"line":33,"column":36},"end":{"line":34,"column":null}},{"start":{"line":34,"column":36},"end":{"line":35,"column":null}}],"line":32},"2":{"loc":{"start":{"line":38,"column":4},"end":{"line":38,"column":null}},"type":"binary-expr","locations":[{"start":{"line":38,"column":4},"end":{"line":38,"column":26}},{"start":{"line":38,"column":26},"end":{"line":38,"column":48}},{"start":{"line":38,"column":48},"end":{"line":38,"column":null}}],"line":38},"3":{"loc":{"start":{"line":52,"column":4},"end":{"line":52,"column":null}},"type":"if","locations":[{"start":{"line":52,"column":4},"end":{"line":52,"column":null}},{"start":{},"end":{}}],"line":52},"4":{"loc":{"start":{"line":116,"column":8},"end":{"line":122,"column":null}},"type":"binary-expr","locations":[{"start":{"line":117,"column":10},"end":{"line":117,"column":24}},{"start":{"line":117,"column":24},"end":{"line":117,"column":null}},{"start":{"line":118,"column":10},"end":{"line":122,"column":null}}],"line":116},"5":{"loc":{"start":{"line":119,"column":49},"end":{"line":119,"column":75}},"type":"cond-expr","locations":[{"start":{"line":119,"column":60},"end":{"line":119,"column":73}},{"start":{"line":119,"column":73},"end":{"line":119,"column":75}}],"line":119},"6":{"loc":{"start":{"line":121,"column":13},"end":{"line":121,"column":null}},"type":"cond-expr","locations":[{"start":{"line":121,"column":21},"end":{"line":121,"column":36}},{"start":{"line":121,"column":36},"end":{"line":121,"column":null}}],"line":121},"7":{"loc":{"start":{"line":129,"column":22},"end":{"line":129,"column":null}},"type":"binary-expr","locations":[{"start":{"line":129,"column":22},"end":{"line":129,"column":37}},{"start":{"line":129,"column":37},"end":{"line":129,"column":null}}],"line":129},"8":{"loc":{"start":{"line":157,"column":14},"end":{"line":164,"column":null}},"type":"if","locations":[{"start":{"line":157,"column":14},"end":{"line":164,"column":null}},{"start":{"line":159,"column":21},"end":{"line":164,"column":null}}],"line":157},"9":{"loc":{"start":{"line":167,"column":13},"end":{"line":167,"column":null}},"type":"cond-expr","locations":[{"start":{"line":167,"column":26},"end":{"line":167,"column":48}},{"start":{"line":167,"column":48},"end":{"line":167,"column":null}}],"line":167},"10":{"loc":{"start":{"line":189,"column":14},"end":{"line":194,"column":null}},"type":"if","locations":[{"start":{"line":189,"column":14},"end":{"line":194,"column":null}},{"start":{"line":191,"column":21},"end":{"line":194,"column":null}}],"line":189},"11":{"loc":{"start":{"line":197,"column":13},"end":{"line":197,"column":null}},"type":"cond-expr","locations":[{"start":{"line":197,"column":27},"end":{"line":197,"column":44}},{"start":{"line":197,"column":44},"end":{"line":197,"column":null}}],"line":197},"12":{"loc":{"start":{"line":201,"column":9},"end":{"line":252,"column":null}},"type":"cond-expr","locations":[{"start":{"line":202,"column":10},"end":{"line":210,"column":null}},{"start":{"line":211,"column":12},"end":{"line":252,"column":null}}],"line":201},"13":{"loc":{"start":{"line":201,"column":9},"end":{"line":201,"column":null}},"type":"binary-expr","locations":[{"start":{"line":201,"column":9},"end":{"line":201,"column":24}},{"start":{"line":201,"column":24},"end":{"line":201,"column":null}}],"line":201},"14":{"loc":{"start":{"line":211,"column":12},"end":{"line":252,"column":null}},"type":"cond-expr","locations":[{"start":{"line":212,"column":10},"end":{"line":250,"column":null}},{"start":{"line":252,"column":10},"end":{"line":252,"column":null}}],"line":211},"15":{"loc":{"start":{"line":214,"column":13},"end":{"line":248,"column":null}},"type":"cond-expr","locations":[{"start":{"line":215,"column":14},"end":{"line":215,"column":null}},{"start":{"line":217,"column":14},"end":{"line":248,"column":null}}],"line":214},"16":{"loc":{"start":{"line":255,"column":7},"end":{"line":284,"column":null}},"type":"binary-expr","locations":[{"start":{"line":255,"column":7},"end":{"line":255,"column":null}},{"start":{"line":256,"column":8},"end":{"line":284,"column":null}}],"line":255}},"s":{"0":962,"1":962,"2":962,"3":0,"4":962,"5":962,"6":962,"7":962,"8":962,"9":962,"10":962,"11":962,"12":962,"13":962,"14":962,"15":962,"16":912,"17":912,"18":962,"19":1,"20":1,"21":1,"22":1,"23":0,"24":1,"25":1,"26":1,"27":1,"28":1,"29":1,"30":1,"31":0,"32":0,"33":0,"34":0,"35":0,"36":0,"37":962,"38":1,"39":265,"40":399,"41":248,"42":10,"43":10,"44":10,"45":10,"46":7,"47":7,"48":7,"49":7,"50":10,"51":10,"52":9,"53":0,"54":9,"55":9,"56":9,"57":9,"58":1,"59":0,"60":0,"61":0,"62":0,"63":13,"64":4,"65":4,"66":1,"67":1,"68":1,"69":1,"70":1,"71":1,"72":1,"73":1},"f":{"0":962,"1":912,"2":912,"3":1,"4":0,"5":1,"6":265,"7":399,"8":248,"9":10,"10":7,"11":7,"12":9,"13":1,"14":0,"15":13,"16":4,"17":1,"18":1,"19":1},"b":{"0":[0,962],"1":[962,684,309],"2":[962,50,50],"3":[0,1],"4":[962,922,64],"5":[0,64],"6":[24,40],"7":[962,40],"8":[0,9],"9":[16,946],"10":[0,0],"11":[0,962],"12":[0,962],"13":[962,946],"14":[16,946],"15":[3,13],"16":[962,4]},"meta":{"lastBranch":17,"lastFunction":20,"lastStatement":74,"seen":{"f:11:9:11:20":0,"s:12:8:12:Infinity":0,"s:13:35:13:Infinity":1,"b:14:2:14:Infinity:undefined:undefined:undefined:undefined":0,"s:14:2:14:Infinity":2,"s:14:16:14:Infinity":3,"s:16:24:20:Infinity":4,"s:22:24:22:Infinity":5,"s:23:34:23:Infinity":6,"s:24:36:24:Infinity":7,"s:25:48:25:Infinity":8,"s:26:34:26:Infinity":9,"s:27:30:27:Infinity":10,"s:28:36:28:Infinity":11,"s:29:26:29:Infinity":12,"s:32:8:35:Infinity":13,"b:32:8:33:Infinity:33:36:34:Infinity:34:36:35:Infinity":1,"s:38:4:38:Infinity":14,"b:38:4:38:26:38:26:38:48:38:48:38:Infinity":2,"s:40:21:45:Infinity":15,"f:40:21:40:22":1,"s:41:4:44:Infinity":16,"f:41:13:41:14":2,"s:41:24:44:6":17,"s:47:23:78:Infinity":18,"f:47:23:47:30":3,"s:49:24:49:Infinity":19,"s:50:4:50:Infinity":20,"s:51:4:51:Infinity":21,"b:52:4:52:Infinity:undefined:undefined:undefined:undefined":3,"s:52:4:52:Infinity":22,"s:52:22:52:Infinity":23,"s:55:20:55:Infinity":24,"s:56:28:56:Infinity":25,"s:57:4:57:Infinity":26,"s:60:4:60:Infinity":27,"s:63:19:63:Infinity":28,"s:66:4:66:Infinity":29,"s:69:4:77:Infinity":30,"f:69:18:69:19":4,"s:71:18:71:Infinity":31,"s:72:6:72:Infinity":32,"s:73:19:73:Infinity":33,"s:74:6:74:Infinity":34,"s:75:6:75:Infinity":35,"s:76:6:76:Infinity":36,"s:80:2:286:Infinity":37,"f:86:21:86:27":5,"s:87:14:87:Infinity":38,"f:103:20:103:21":6,"s:103:31:103:Infinity":39,"f:109:20:109:21":7,"s:109:31:109:Infinity":40,"f:115:20:115:21":8,"s:115:31:115:Infinity":41,"b:117:10:117:24:117:24:117:Infinity:118:10:122:Infinity":4,"b:119:60:119:73:119:73:119:75":5,"b:121:21:121:36:121:36:121:Infinity":6,"b:129:22:129:37:129:37:129:Infinity":7,"f:131:21:131:27":9,"s:132:14:132:Infinity":42,"s:133:14:133:Infinity":43,"s:134:14:138:Infinity":44,"s:139:14:145:Infinity":45,"f:139:25:139:31":10,"s:140:16:140:Infinity":46,"s:141:16:144:Infinity":47,"f:141:27:141:33":11,"s:142:18:142:Infinity":48,"s:143:18:143:Infinity":49,"s:146:20:146:Infinity":50,"s:147:14:147:Infinity":51,"f:156:21:156:27":12,"b:157:14:164:Infinity:159:21:164:Infinity":8,"s:157:14:164:Infinity":52,"s:158:16:158:Infinity":53,"s:160:22:160:Infinity":54,"s:161:16:161:Infinity":55,"s:162:16:162:Infinity":56,"s:163:16:163:Infinity":57,"b:167:26:167:48:167:48:167:Infinity":9,"f:174:21:174:27":13,"s:175:14:179:Infinity":58,"f:188:21:188:27":14,"b:189:14:194:Infinity:191:21:194:Infinity":10,"s:189:14:194:Infinity":59,"s:190:16:190:Infinity":60,"s:192:16:192:Infinity":61,"s:193:16:193:Infinity":62,"b:197:27:197:44:197:44:197:Infinity":11,"b:202:10:210:Infinity:211:12:252:Infinity":12,"b:201:9:201:24:201:24:201:Infinity":13,"b:212:10:250:Infinity:252:10:252:Infinity":14,"b:215:14:215:Infinity:217:14:248:Infinity":15,"f:217:30:217:31":15,"s:218:16:247:Infinity":63,"f:227:31:227:37":16,"s:228:24:228:Infinity":64,"s:229:24:229:Infinity":65,"f:237:31:237:37":17,"s:238:24:238:Infinity":66,"s:239:24:239:Infinity":67,"s:240:30:240:Infinity":68,"s:241:24:241:Infinity":69,"b:255:7:255:Infinity:256:8:284:Infinity":16,"f:266:25:266:31":18,"s:267:18:267:Infinity":70,"s:268:18:268:Infinity":71,"s:269:18:269:Infinity":72,"f:276:25:276:31":19,"s:277:18:277:Infinity":73}}}
,"/Users/ryanskeels/repos/poetry-app/src/pages/HaikuApp/src/pages/HaikuLine.css": {"path":"/Users/ryanskeels/repos/poetry-app/src/pages/HaikuApp/src/pages/HaikuLine.css","statementMap":{},"fnMap":{},"branchMap":{},"s":{},"f":{},"b":{},"meta":{"lastBranch":0,"lastFunction":0,"lastStatement":0,"seen":{}}}
,"/Users/ryanskeels/repos/poetry-app/src/pages/HaikuApp/src/pages/HaikuLine.jsx": {"path":"/Users/ryanskeels/repos/poetry-app/src/pages/HaikuApp/src/pages/HaikuLine.jsx","statementMap":{"0":{"start":{"line":8,"column":36},"end":{"line":8,"column":null}},"1":{"start":{"line":10,"column":2},"end":{"line":10,"column":null}},"2":{"start":{"line":12,"column":27},"end":{"line":12,"column":null}},"3":{"start":{"line":15,"column":15},"end":{"line":15,"column":null}},"4":{"start":{"line":16,"column":2},"end":{"line":22,"column":null}},"5":{"start":{"line":17,"column":4},"end":{"line":17,"column":null}},"6":{"start":{"line":18,"column":2},"end":{"line":22,"column":null}},"7":{"start":{"line":19,"column":4},"end":{"line":19,"column":null}},"8":{"start":{"line":20,"column":2},"end":{"line":22,"column":null}},"9":{"start":{"line":21,"column":4},"end":{"line":21,"column":null}},"10":{"start":{"line":25,"column":29},"end":{"line":28,"column":null}},"11":{"start":{"line":30,"column":2},"end":{"line":69,"column":null}},"12":{"start":{"line":44,"column":25},"end":{"line":44,"column":null}},"13":{"start":{"line":46,"column":10},"end":{"line":51,"column":null}},"14":{"start":{"line":47,"column":26},"end":{"line":47,"column":null}},"15":{"start":{"line":47,"column":60},"end":{"line":47,"column":75}},"16":{"start":{"line":48,"column":29},"end":{"line":48,"column":null}},"17":{"start":{"line":49,"column":30},"end":{"line":49,"column":null}},"18":{"start":{"line":50,"column":12},"end":{"line":50,"column":null}}},"fnMap":{"0":{"name":"HaikuLine","decl":{"start":{"line":7,"column":9},"end":{"line":7,"column":19}},"loc":{"start":{"line":7,"column":69},"end":{"line":71,"column":null}},"line":7},"1":{"name":"(anonymous_1)","decl":{"start":{"line":44,"column":18},"end":{"line":44,"column":19}},"loc":{"start":{"line":44,"column":25},"end":{"line":44,"column":null}},"line":44},"2":{"name":"(anonymous_2)","decl":{"start":{"line":45,"column":19},"end":{"line":45,"column":20}},"loc":{"start":{"line":45,"column":26},"end":{"line":52,"column":null}},"line":45},"3":{"name":"(anonymous_3)","decl":{"start":{"line":47,"column":50},"end":{"line":47,"column":51}},"loc":{"start":{"line":47,"column":60},"end":{"line":47,"column":75}},"line":47}},"branchMap":{"0":{"loc":{"start":{"line":16,"column":2},"end":{"line":22,"column":null}},"type":"if","locations":[{"start":{"line":16,"column":2},"end":{"line":22,"column":null}},{"start":{"line":18,"column":2},"end":{"line":22,"column":null}}],"line":16},"1":{"loc":{"start":{"line":18,"column":2},"end":{"line":22,"column":null}},"type":"if","locations":[{"start":{"line":18,"column":2},"end":{"line":22,"column":null}},{"start":{"line":20,"column":2},"end":{"line":22,"column":null}}],"line":18},"2":{"loc":{"start":{"line":20,"column":2},"end":{"line":22,"column":null}},"type":"if","locations":[{"start":{"line":20,"column":2},"end":{"line":22,"column":null}},{"start":{},"end":{}}],"line":20},"3":{"loc":{"start":{"line":46,"column":10},"end":{"line":51,"column":null}},"type":"if","locations":[{"start":{"line":46,"column":10},"end":{"line":51,"column":null}},{"start":{},"end":{}}],"line":46},"4":{"loc":{"start":{"line":61,"column":14},"end":{"line":65,"column":null}},"type":"cond-expr","locations":[{"start":{"line":62,"column":18},"end":{"line":62,"column":null}},{"start":{"line":63,"column":18},"end":{"line":65,"column":null}}],"line":61},"5":{"loc":{"start":{"line":63,"column":18},"end":{"line":65,"column":null}},"type":"cond-expr","locations":[{"start":{"line":64,"column":20},"end":{"line":64,"column":null}},{"start":{"line":65,"column":20},"end":{"line":65,"column":null}}],"line":63}},"s":{"0":3320,"1":3320,"2":3320,"3":3320,"4":3320,"5":3320,"6":0,"7":0,"8":0,"9":0,"10":3320,"11":3320,"12":912,"13":912,"14":179,"15":483,"16":179,"17":179,"18":179},"f":{"0":3320,"1":912,"2":912,"3":483},"b":{"0":[3320,0],"1":[0,0],"2":[0,0],"3":[179,733],"4":[0,3320],"5":[0,3320]},"meta":{"lastBranch":6,"lastFunction":4,"lastStatement":19,"seen":{"f:7:9:7:19":0,"s:8:36:8:Infinity":0,"s:10:2:10:Infinity":1,"s:12:27:12:Infinity":2,"s:15:15:15:Infinity":3,"b:16:2:22:Infinity:18:2:22:Infinity":0,"s:16:2:22:Infinity":4,"s:17:4:17:Infinity":5,"b:18:2:22:Infinity:20:2:22:Infinity":1,"s:18:2:22:Infinity":6,"s:19:4:19:Infinity":7,"b:20:2:22:Infinity:undefined:undefined:undefined:undefined":2,"s:20:2:22:Infinity":8,"s:21:4:21:Infinity":9,"s:25:29:28:Infinity":10,"s:30:2:69:Infinity":11,"f:44:18:44:19":1,"s:44:25:44:Infinity":12,"f:45:19:45:20":2,"b:46:10:51:Infinity:undefined:undefined:undefined:undefined":3,"s:46:10:51:Infinity":13,"s:47:26:47:Infinity":14,"f:47:50:47:51":3,"s:47:60:47:75":15,"s:48:29:48:Infinity":16,"s:49:30:49:Infinity":17,"s:50:12:50:Infinity":18,"b:62:18:62:Infinity:63:18:65:Infinity":4,"b:64:20:64:Infinity:65:20:65:Infinity":5}}}
,"/Users/ryanskeels/repos/poetry-app/src/pages/HaikuApp/src/pages/WordFind.js": {"path":"/Users/ryanskeels/repos/poetry-app/src/pages/HaikuApp/src/pages/WordFind.js","statementMap":{"0":{"start":{"line":5,"column":15},"end":{"line":5,"column":49}},"1":{"start":{"line":7,"column":27},"end":{"line":75,"column":1}},"2":{"start":{"line":8,"column":33},"end":{"line":8,"column":48}},"3":{"start":{"line":9,"column":37},"end":{"line":9,"column":52}},"4":{"start":{"line":10,"column":31},"end":{"line":10,"column":47}},"5":{"start":{"line":11,"column":27},"end":{"line":11,"column":42}},"6":{"start":{"line":13,"column":1},"end":{"line":72,"column":null}},"7":{"start":{"line":14,"column":4},"end":{"line":14,"column":null}},"8":{"start":{"line":14,"column":22},"end":{"line":14,"column":null}},"9":{"start":{"line":16,"column":26},"end":{"line":70,"column":5}},"10":{"start":{"line":17,"column":6},"end":{"line":17,"column":null}},"11":{"start":{"line":18,"column":6},"end":{"line":18,"column":null}},"12":{"start":{"line":21,"column":20},"end":{"line":21,"column":50}},"13":{"start":{"line":22,"column":6},"end":{"line":22,"column":null}},"14":{"start":{"line":23,"column":6},"end":{"line":28,"column":null}},"15":{"start":{"line":24,"column":8},"end":{"line":24,"column":null}},"16":{"start":{"line":25,"column":8},"end":{"line":25,"column":null}},"17":{"start":{"line":26,"column":8},"end":{"line":26,"column":null}},"18":{"start":{"line":27,"column":8},"end":{"line":27,"column":null}},"19":{"start":{"line":31,"column":6},"end":{"line":69,"column":null}},"20":{"start":{"line":32,"column":8},"end":{"line":34,"column":null}},"21":{"start":{"line":33,"column":10},"end":{"line":33,"column":null}},"22":{"start":{"line":36,"column":25},"end":{"line":45,"column":9}},"23":{"start":{"line":47,"column":8},"end":{"line":49,"column":null}},"24":{"start":{"line":48,"column":10},"end":{"line":48,"column":null}},"25":{"start":{"line":51,"column":21},"end":{"line":51,"column":42}},"26":{"start":{"line":54,"column":7},"end":{"line":54,"column":null}},"27":{"start":{"line":55,"column":8},"end":{"line":55,"column":null}},"28":{"start":{"line":56,"column":8},"end":{"line":56,"column":null}},"29":{"start":{"line":58,"column":8},"end":{"line":58,"column":null}},"30":{"start":{"line":59,"column":33},"end":{"line":59,"column":61}},"31":{"start":{"line":60,"column":29},"end":{"line":64,"column":9}},"32":{"start":{"line":65,"column":8},"end":{"line":65,"column":null}},"33":{"start":{"line":66,"column":8},"end":{"line":66,"column":null}},"34":{"start":{"line":68,"column":8},"end":{"line":68,"column":null}},"35":{"start":{"line":71,"column":4},"end":{"line":71,"column":null}},"36":{"start":{"line":74,"column":2},"end":{"line":74,"column":null}}},"fnMap":{"0":{"name":"(anonymous_0)","decl":{"start":{"line":7,"column":27},"end":{"line":7,"column":28}},"loc":{"start":{"line":7,"column":44},"end":{"line":75,"column":1}},"line":7},"1":{"name":"(anonymous_1)","decl":{"start":{"line":13,"column":12},"end":{"line":13,"column":13}},"loc":{"start":{"line":13,"column":18},"end":{"line":72,"column":3}},"line":13},"2":{"name":"(anonymous_2)","decl":{"start":{"line":16,"column":26},"end":{"line":16,"column":31}},"loc":{"start":{"line":16,"column":38},"end":{"line":70,"column":5}},"line":16}},"branchMap":{"0":{"loc":{"start":{"line":14,"column":4},"end":{"line":14,"column":null}},"type":"if","locations":[{"start":{"line":14,"column":4},"end":{"line":14,"column":null}},{"start":{},"end":{}}],"line":14},"1":{"loc":{"start":{"line":23,"column":6},"end":{"line":28,"column":null}},"type":"if","locations":[{"start":{"line":23,"column":6},"end":{"line":28,"column":null}},{"start":{},"end":{}}],"line":23},"2":{"loc":{"start":{"line":32,"column":8},"end":{"line":34,"column":null}},"type":"if","locations":[{"start":{"line":32,"column":8},"end":{"line":34,"column":null}},{"start":{},"end":{}}],"line":32},"3":{"loc":{"start":{"line":47,"column":8},"end":{"line":49,"column":null}},"type":"if","locations":[{"start":{"line":47,"column":8},"end":{"line":49,"column":null}},{"start":{},"end":{}}],"line":47}},"s":{"0":4,"1":4,"2":4305,"3":4305,"4":4305,"5":4305,"6":4305,"7":281,"8":92,"9":189,"10":189,"11":189,"12":189,"13":189,"14":189,"15":28,"16":28,"17":28,"18":28,"19":161,"20":161,"21":0,"22":161,"23":153,"24":0,"25":153,"26":153,"27":153,"28":153,"29":1,"30":1,"31":1,"32":1,"33":1,"34":154,"35":189,"36":4305},"f":{"0":4305,"1":281,"2":189},"b":{"0":[92,189],"1":[28,161],"2":[0,161],"3":[0,153]},"meta":{"lastBranch":4,"lastFunction":3,"lastStatement":37,"seen":{"s:5:15:5:49":0,"s:7:27:75:1":1,"f:7:27:7:28":0,"s:8:33:8:48":2,"s:9:37:9:52":3,"s:10:31:10:47":4,"s:11:27:11:42":5,"s:13:1:72:Infinity":6,"f:13:12:13:13":1,"b:14:4:14:Infinity:undefined:undefined:undefined:undefined":0,"s:14:4:14:Infinity":7,"s:14:22:14:Infinity":8,"s:16:26:70:5":9,"f:16:26:16:31":2,"s:17:6:17:Infinity":10,"s:18:6:18:Infinity":11,"s:21:20:21:50":12,"s:22:6:22:Infinity":13,"b:23:6:28:Infinity:undefined:undefined:undefined:undefined":1,"s:23:6:28:Infinity":14,"s:24:8:24:Infinity":15,"s:25:8:25:Infinity":16,"s:26:8:26:Infinity":17,"s:27:8:27:Infinity":18,"s:31:6:69:Infinity":19,"b:32:8:34:Infinity:undefined:undefined:undefined:undefined":2,"s:32:8:34:Infinity":20,"s:33:10:33:Infinity":21,"s:36:25:45:9":22,"b:47:8:49:Infinity:undefined:undefined:undefined:undefined":3,"s:47:8:49:Infinity":23,"s:48:10:48:Infinity":24,"s:51:21:51:42":25,"s:54:7:54:Infinity":26,"s:55:8:55:Infinity":27,"s:56:8:56:Infinity":28,"s:58:8:58:Infinity":29,"s:59:33:59:61":30,"s:60:29:64:9":31,"s:65:8:65:Infinity":32,"s:66:8:66:Infinity":33,"s:68:8:68:Infinity":34,"s:71:4:71:Infinity":35,"s:74:2:74:Infinity":36}}}
,"/Users/ryanskeels/repos/poetry-app/src/pages/HaikuApp/src/pages/haikuStorage.js": {"path":"/Users/ryanskeels/repos/poetry-app/src/pages/HaikuApp/src/pages/haikuStorage.js","statementMap":{"0":{"start":{"line":3,"column":19},"end":{"line":3,"column":33}},"1":{"start":{"line":6,"column":19},"end":{"line":10,"column":3}},"2":{"start":{"line":11,"column":2},"end":{"line":11,"column":null}},"3":{"start":{"line":12,"column":2},"end":{"line":12,"column":null}},"4":{"start":{"line":14,"column":2},"end":{"line":14,"column":null}},"5":{"start":{"line":18,"column":2},"end":{"line":18,"column":null}},"6":{"start":{"line":20,"column":17},"end":{"line":20,"column":31}},"7":{"start":{"line":21,"column":2},"end":{"line":21,"column":null}},"8":{"start":{"line":23,"column":20},"end":{"line":23,"column":55}},"9":{"start":{"line":23,"column":43},"end":{"line":23,"column":54}},"10":{"start":{"line":24,"column":2},"end":{"line":24,"column":null}},"11":{"start":{"line":25,"column":2},"end":{"line":25,"column":null}},"12":{"start":{"line":29,"column":17},"end":{"line":29,"column":47}},"13":{"start":{"line":30,"column":2},"end":{"line":30,"column":null}}},"fnMap":{"0":{"name":"saveHaiku","decl":{"start":{"line":1,"column":16},"end":{"line":1,"column":25}},"loc":{"start":{"line":1,"column":33},"end":{"line":15,"column":null}},"line":1},"1":{"name":"deleteHaiku","decl":{"start":{"line":17,"column":16},"end":{"line":17,"column":27}},"loc":{"start":{"line":17,"column":32},"end":{"line":26,"column":null}},"line":17},"2":{"name":"(anonymous_2)","decl":{"start":{"line":23,"column":36},"end":{"line":23,"column":37}},"loc":{"start":{"line":23,"column":43},"end":{"line":23,"column":54}},"line":23},"3":{"name":"getAllHaikus","decl":{"start":{"line":28,"column":16},"end":{"line":28,"column":28}},"loc":{"start":{"line":28,"column":31},"end":{"line":31,"column":null}},"line":28}},"branchMap":{"0":{"loc":{"start":{"line":30,"column":9},"end":{"line":30,"column":41}},"type":"cond-expr","locations":[{"start":{"line":30,"column":18},"end":{"line":30,"column":36}},{"start":{"line":30,"column":39},"end":{"line":30,"column":41}}],"line":30}},"s":{"0":14,"1":14,"2":14,"3":14,"4":14,"5":2,"6":2,"7":2,"8":2,"9":3,"10":2,"11":2,"12":41,"13":41},"f":{"0":14,"1":2,"2":3,"3":41},"b":{"0":[26,15]},"meta":{"lastBranch":1,"lastFunction":4,"lastStatement":14,"seen":{"f:1:16:1:25":0,"s:3:19:3:33":0,"s:6:19:10:3":1,"s:11:2:11:Infinity":2,"s:12:2:12:Infinity":3,"s:14:2:14:Infinity":4,"f:17:16:17:27":1,"s:18:2:18:Infinity":5,"s:20:17:20:31":6,"s:21:2:21:Infinity":7,"s:23:20:23:55":8,"f:23:36:23:37":2,"s:23:43:23:54":9,"s:24:2:24:Infinity":10,"s:25:2:25:Infinity":11,"f:28:16:28:28":3,"s:29:17:29:47":12,"s:30:2:30:Infinity":13,"b:30:18:30:36:30:39:30:41":0}}}
,"/Users/ryanskeels/repos/poetry-app/src/pages/HaikuApp/src/pages/syllableCounter.js": {"path":"/Users/ryanskeels/repos/poetry-app/src/pages/HaikuApp/src/pages/syllableCounter.js","statementMap":{"0":{"start":{"line":2,"column":2},"end":{"line":2,"column":null}},"1":{"start":{"line":2,"column":29},"end":{"line":2,"column":null}},"2":{"start":{"line":4,"column":2},"end":{"line":4,"column":null}},"3":{"start":{"line":5,"column":16},"end":{"line":5,"column":67}},"4":{"start":{"line":5,"column":51},"end":{"line":5,"column":66}},"5":{"start":{"line":7,"column":23},"end":{"line":7,"column":24}},"6":{"start":{"line":9,"column":2},"end":{"line":78,"column":null}},"7":{"start":{"line":10,"column":20},"end":{"line":10,"column":21}},"8":{"start":{"line":13,"column":4},"end":{"line":71,"column":null}},"9":{"start":{"line":14,"column":19},"end":{"line":14,"column":36}},"10":{"start":{"line":15,"column":25},"end":{"line":15,"column":49}},"11":{"start":{"line":16,"column":6},"end":{"line":16,"column":null}},"12":{"start":{"line":18,"column":6},"end":{"line":18,"column":null}},"13":{"start":{"line":20,"column":6},"end":{"line":27,"column":null}},"14":{"start":{"line":26,"column":8},"end":{"line":26,"column":null}},"15":{"start":{"line":30,"column":9},"end":{"line":71,"column":null}},"16":{"start":{"line":31,"column":19},"end":{"line":31,"column":36}},"17":{"start":{"line":32,"column":25},"end":{"line":32,"column":49}},"18":{"start":{"line":33,"column":6},"end":{"line":33,"column":null}},"19":{"start":{"line":36,"column":6},"end":{"line":42,"column":null}},"20":{"start":{"line":40,"column":11},"end":{"line":42,"column":null}},"21":{"start":{"line":41,"column":8},"end":{"line":41,"column":null}},"22":{"start":{"line":46,"column":6},"end":{"line":48,"column":null}},"23":{"start":{"line":47,"column":8},"end":{"line":47,"column":null}},"24":{"start":{"line":51,"column":26},"end":{"line":51,"column":50}},"25":{"start":{"line":52,"column":6},"end":{"line":54,"column":null}},"26":{"start":{"line":53,"column":8},"end":{"line":53,"column":null}},"27":{"start":{"line":56,"column":6},"end":{"line":58,"column":null}},"28":{"start":{"line":57,"column":8},"end":{"line":57,"column":null}},"29":{"start":{"line":60,"column":6},"end":{"line":62,"column":null}},"30":{"start":{"line":61,"column":8},"end":{"line":61,"column":null}},"31":{"start":{"line":64,"column":6},"end":{"line":70,"column":null}},"32":{"start":{"line":69,"column":8},"end":{"line":69,"column":null}},"33":{"start":{"line":73,"column":4},"end":{"line":75,"column":null}},"34":{"start":{"line":74,"column":6},"end":{"line":74,"column":null}},"35":{"start":{"line":77,"column":4},"end":{"line":77,"column":null}},"36":{"start":{"line":80,"column":2},"end":{"line":80,"column":null}}},"fnMap":{"0":{"name":"countSyllables","decl":{"start":{"line":1,"column":16},"end":{"line":1,"column":30}},"loc":{"start":{"line":1,"column":37},"end":{"line":81,"column":null}},"line":1},"1":{"name":"(anonymous_1)","decl":{"start":{"line":5,"column":41},"end":{"line":5,"column":42}},"loc":{"start":{"line":5,"column":51},"end":{"line":5,"column":66}},"line":5},"2":{"name":"(anonymous_2)","decl":{"start":{"line":9,"column":16},"end":{"line":9,"column":17}},"loc":{"start":{"line":9,"column":26},"end":{"line":78,"column":3}},"line":9}},"branchMap":{"0":{"loc":{"start":{"line":2,"column":2},"end":{"line":2,"column":null}},"type":"if","locations":[{"start":{"line":2,"column":2},"end":{"line":2,"column":null}},{"start":{},"end":{}}],"line":2},"1":{"loc":{"start":{"line":2,"column":6},"end":{"line":2,"column":27}},"type":"binary-expr","locations":[{"start":{"line":2,"column":6},"end":{"line":2,"column":18}},{"start":{"line":2,"column":22},"end":{"line":2,"column":27}}],"line":2},"2":{"loc":{"start":{"line":13,"column":4},"end":{"line":71,"column":null}},"type":"if","locations":[{"start":{"line":13,"column":4},"end":{"line":71,"column":null}},{"start":{"line":30,"column":9},"end":{"line":71,"column":null}}],"line":13},"3":{"loc":{"start":{"line":13,"column":8},"end":{"line":13,"column":47}},"type":"binary-expr","locations":[{"start":{"line":13,"column":8},"end":{"line":13,"column":28}},{"start":{"line":13,"column":32},"end":{"line":13,"column":47}}],"line":13},"4":{"loc":{"start":{"line":16,"column":18},"end":{"line":16,"column":52}},"type":"cond-expr","locations":[{"start":{"line":16,"column":31},"end":{"line":16,"column":48}},{"start":{"line":16,"column":51},"end":{"line":16,"column":52}}],"line":16},"5":{"loc":{"start":{"line":20,"column":6},"end":{"line":27,"column":null}},"type":"if","locations":[{"start":{"line":20,"column":6},"end":{"line":27,"column":null}},{"start":{},"end":{}}],"line":20},"6":{"loc":{"start":{"line":21,"column":8},"end":{"line":24,"column":null}},"type":"binary-expr","locations":[{"start":{"line":21,"column":8},"end":{"line":21,"column":26}},{"start":{"line":22,"column":8},"end":{"line":22,"column":28}},{"start":{"line":23,"column":8},"end":{"line":23,"column":21}},{"start":{"line":24,"column":8},"end":{"line":24,"column":null}}],"line":21},"7":{"loc":{"start":{"line":30,"column":9},"end":{"line":71,"column":null}},"type":"if","locations":[{"start":{"line":30,"column":9},"end":{"line":71,"column":null}},{"start":{"line":49,"column":11},"end":{"line":71,"column":null}}],"line":30},"8":{"loc":{"start":{"line":30,"column":13},"end":{"line":30,"column":51}},"type":"binary-expr","locations":[{"start":{"line":30,"column":13},"end":{"line":30,"column":32}},{"start":{"line":30,"column":36},"end":{"line":30,"column":51}}],"line":30},"9":{"loc":{"start":{"line":33,"column":18},"end":{"line":33,"column":52}},"type":"cond-expr","locations":[{"start":{"line":33,"column":31},"end":{"line":33,"column":48}},{"start":{"line":33,"column":51},"end":{"line":33,"column":52}}],"line":33},"10":{"loc":{"start":{"line":36,"column":6},"end":{"line":42,"column":null}},"type":"if","locations":[{"start":{"line":36,"column":6},"end":{"line":42,"column":null}},{"start":{"line":40,"column":11},"end":{"line":42,"column":null}}],"line":36},"11":{"loc":{"start":{"line":36,"column":10},"end":{"line":36,"column":50}},"type":"binary-expr","locations":[{"start":{"line":36,"column":10},"end":{"line":36,"column":28}},{"start":{"line":36,"column":32},"end":{"line":36,"column":50}}],"line":36},"12":{"loc":{"start":{"line":40,"column":11},"end":{"line":42,"column":null}},"type":"if","locations":[{"start":{"line":40,"column":11},"end":{"line":42,"column":null}},{"start":{},"end":{}}],"line":40},"13":{"loc":{"start":{"line":40,"column":15},"end":{"line":40,"column":55}},"type":"binary-expr","locations":[{"start":{"line":40,"column":15},"end":{"line":40,"column":33}},{"start":{"line":40,"column":37},"end":{"line":40,"column":55}}],"line":40},"14":{"loc":{"start":{"line":46,"column":6},"end":{"line":48,"column":null}},"type":"if","locations":[{"start":{"line":46,"column":6},"end":{"line":48,"column":null}},{"start":{},"end":{}}],"line":46},"15":{"loc":{"start":{"line":46,"column":10},"end":{"line":46,"column":45}},"type":"binary-expr","locations":[{"start":{"line":46,"column":10},"end":{"line":46,"column":28}},{"start":{"line":46,"column":32},"end":{"line":46,"column":45}}],"line":46},"16":{"loc":{"start":{"line":52,"column":6},"end":{"line":54,"column":null}},"type":"if","locations":[{"start":{"line":52,"column":6},"end":{"line":54,"column":null}},{"start":{},"end":{}}],"line":52},"17":{"loc":{"start":{"line":56,"column":6},"end":{"line":58,"column":null}},"type":"if","locations":[{"start":{"line":56,"column":6},"end":{"line":58,"column":null}},{"start":{},"end":{}}],"line":56},"18":{"loc":{"start":{"line":56,"column":10},"end":{"line":56,"column":48}},"type":"binary-expr","locations":[{"start":{"line":56,"column":10},"end":{"line":56,"column":31}},{"start":{"line":56,"column":35},"end":{"line":56,"column":48}}],"line":56},"19":{"loc":{"start":{"line":60,"column":6},"end":{"line":62,"column":null}},"type":"if","locations":[{"start":{"line":60,"column":6},"end":{"line":62,"column":null}},{"start":{},"end":{}}],"line":60},"20":{"loc":{"start":{"line":60,"column":10},"end":{"line":60,"column":45}},"type":"binary-expr","locations":[{"start":{"line":60,"column":10},"end":{"line":60,"column":28}},{"start":{"line":60,"column":32},"end":{"line":60,"column":45}}],"line":60},"21":{"loc":{"start":{"line":64,"column":6},"end":{"line":70,"column":null}},"type":"if","locations":[{"start":{"line":64,"column":6},"end":{"line":70,"column":null}},{"start":{},"end":{}}],"line":64},"22":{"loc":{"start":{"line":65,"column":8},"end":{"line":67,"column":null}},"type":"binary-expr","locations":[{"start":{"line":65,"column":8},"end":{"line":65,"column":27}},{"start":{"line":66,"column":8},"end":{"line":66,"column":23}},{"start":{"line":67,"column":8},"end":{"line":67,"column":null}}],"line":65},"23":{"loc":{"start":{"line":73,"column":4},"end":{"line":75,"column":null}},"type":"if","locations":[{"start":{"line":73,"column":4},"end":{"line":75,"column":null}},{"start":{},"end":{}}],"line":73}},"s":{"0":1956,"1":148,"2":1808,"3":1808,"4":7748,"5":1808,"6":1808,"7":7569,"8":7569,"9":145,"10":145,"11":145,"12":145,"13":145,"14":0,"15":7424,"16":0,"17":0,"18":0,"19":0,"20":0,"21":0,"22":0,"23":0,"24":7424,"25":7424,"26":7251,"27":7424,"28":0,"29":7424,"30":908,"31":7424,"32":0,"33":7569,"34":173,"35":7569,"36":1808},"f":{"0":1956,"1":7748,"2":7569},"b":{"0":[148,1808],"1":[1956,1808],"2":[145,7424],"3":[7569,145],"4":[145,0],"5":[0,145],"6":[145,0,0,0],"7":[0,7424],"8":[7424,0],"9":[0,0],"10":[0,0],"11":[0,0],"12":[0,0],"13":[0,0],"14":[0,0],"15":[0,0],"16":[7251,173],"17":[0,7424],"18":[7424,0],"19":[908,6516],"20":[7424,1395],"21":[0,7424],"22":[7424,0,0],"23":[173,7396]},"meta":{"lastBranch":24,"lastFunction":3,"lastStatement":37,"seen":{"f:1:16:1:30":0,"b:2:2:2:Infinity:undefined:undefined:undefined:undefined":0,"s:2:2:2:Infinity":0,"b:2:6:2:18:2:22:2:27":1,"s:2:29:2:Infinity":1,"s:4:2:4:Infinity":2,"s:5:16:5:67":3,"f:5:41:5:42":1,"s:5:51:5:66":4,"s:7:23:7:24":5,"s:9:2:78:Infinity":6,"f:9:16:9:17":2,"s:10:20:10:21":7,"b:13:4:71:Infinity:30:9:71:Infinity":2,"s:13:4:71:Infinity":8,"b:13:8:13:28:13:32:13:47":3,"s:14:19:14:36":9,"s:15:25:15:49":10,"s:16:6:16:Infinity":11,"b:16:31:16:48:16:51:16:52":4,"s:18:6:18:Infinity":12,"b:20:6:27:Infinity:undefined:undefined:undefined:undefined":5,"s:20:6:27:Infinity":13,"b:21:8:21:26:22:8:22:28:23:8:23:21:24:8:24:Infinity":6,"s:26:8:26:Infinity":14,"b:30:9:71:Infinity:49:11:71:Infinity":7,"s:30:9:71:Infinity":15,"b:30:13:30:32:30:36:30:51":8,"s:31:19:31:36":16,"s:32:25:32:49":17,"s:33:6:33:Infinity":18,"b:33:31:33:48:33:51:33:52":9,"b:36:6:42:Infinity:40:11:42:Infinity":10,"s:36:6:42:Infinity":19,"b:36:10:36:28:36:32:36:50":11,"b:40:11:42:Infinity:undefined:undefined:undefined:undefined":12,"s:40:11:42:Infinity":20,"b:40:15:40:33:40:37:40:55":13,"s:41:8:41:Infinity":21,"b:46:6:48:Infinity:undefined:undefined:undefined:undefined":14,"s:46:6:48:Infinity":22,"b:46:10:46:28:46:32:46:45":15,"s:47:8:47:Infinity":23,"s:51:26:51:50":24,"b:52:6:54:Infinity:undefined:undefined:undefined:undefined":16,"s:52:6:54:Infinity":25,"s:53:8:53:Infinity":26,"b:56:6:58:Infinity:undefined:undefined:undefined:undefined":17,"s:56:6:58:Infinity":27,"b:56:10:56:31:56:35:56:48":18,"s:57:8:57:Infinity":28,"b:60:6:62:Infinity:undefined:undefined:undefined:undefined":19,"s:60:6:62:Infinity":29,"b:60:10:60:28:60:32:60:45":20,"s:61:8:61:Infinity":30,"b:64:6:70:Infinity:undefined:undefined:undefined:undefined":21,"s:64:6:70:Infinity":31,"b:65:8:65:27:66:8:66:23:67:8:67:Infinity":22,"s:69:8:69:Infinity":32,"b:73:4:75:Infinity:undefined:undefined:undefined:undefined":23,"s:73:4:75:Infinity":33,"s:74:6:74:Infinity":34,"s:77:4:77:Infinity":35,"s:80:2:80:Infinity":36}}}
,"/Users/ryanskeels/repos/poetry-app/src/pages/Limerick/LimerickApp.css": {"path":"/Users/ryanskeels/repos/poetry-app/src/pages/Limerick/LimerickApp.css","statementMap":{},"fnMap":{},"branchMap":{},"s":{},"f":{},"b":{},"meta":{"lastBranch":0,"lastFunction":0,"lastStatement":0,"seen":{}}}
,"/Users/ryanskeels/repos/poetry-app/src/pages/Limerick/LimerickApp.jsx": {"path":"/Users/ryanskeels/repos/poetry-app/src/pages/Limerick/LimerickApp.jsx","statementMap":{"0":{"start":{"line":15,"column":8},"end":{"line":15,"column":null}},"1":{"start":{"line":17,"column":24},"end":{"line":23,"column":null}},"2":{"start":{"line":25,"column":24},"end":{"line":25,"column":null}},"3":{"start":{"line":26,"column":40},"end":{"line":26,"column":null}},"4":{"start":{"line":27,"column":42},"end":{"line":27,"column":null}},"5":{"start":{"line":28,"column":48},"end":{"line":28,"column":null}},"6":{"start":{"line":29,"column":34},"end":{"line":29,"column":null}},"7":{"start":{"line":30,"column":30},"end":{"line":30,"column":null}},"8":{"start":{"line":31,"column":36},"end":{"line":31,"column":null}},"9":{"start":{"line":33,"column":26},"end":{"line":33,"column":null}},"10":{"start":{"line":36,"column":8},"end":{"line":41,"column":null}},"11":{"start":{"line":44,"column":4},"end":{"line":48,"column":null}},"12":{"start":{"line":50,"column":21},"end":{"line":55,"column":null}},"13":{"start":{"line":51,"column":4},"end":{"line":54,"column":null}},"14":{"start":{"line":51,"column":24},"end":{"line":54,"column":6}},"15":{"start":{"line":57,"column":23},"end":{"line":87,"column":null}},"16":{"start":{"line":59,"column":24},"end":{"line":61,"column":null}},"17":{"start":{"line":62,"column":4},"end":{"line":62,"column":null}},"18":{"start":{"line":62,"column":22},"end":{"line":62,"column":null}},"19":{"start":{"line":65,"column":20},"end":{"line":65,"column":null}},"20":{"start":{"line":66,"column":28},"end":{"line":66,"column":null}},"21":{"start":{"line":67,"column":4},"end":{"line":67,"column":null}},"22":{"start":{"line":70,"column":4},"end":{"line":70,"column":null}},"23":{"start":{"line":73,"column":19},"end":{"line":73,"column":null}},"24":{"start":{"line":76,"column":4},"end":{"line":76,"column":null}},"25":{"start":{"line":79,"column":4},"end":{"line":86,"column":null}},"26":{"start":{"line":81,"column":18},"end":{"line":81,"column":null}},"27":{"start":{"line":82,"column":19},"end":{"line":82,"column":null}},"28":{"start":{"line":83,"column":6},"end":{"line":83,"column":null}},"29":{"start":{"line":84,"column":6},"end":{"line":84,"column":null}},"30":{"start":{"line":85,"column":6},"end":{"line":85,"column":null}},"31":{"start":{"line":89,"column":2},"end":{"line":333,"column":null}},"32":{"start":{"line":96,"column":14},"end":{"line":96,"column":null}},"33":{"start":{"line":118,"column":31},"end":{"line":118,"column":null}},"34":{"start":{"line":125,"column":31},"end":{"line":125,"column":null}},"35":{"start":{"line":132,"column":31},"end":{"line":132,"column":null}},"36":{"start":{"line":139,"column":31},"end":{"line":139,"column":null}},"37":{"start":{"line":146,"column":31},"end":{"line":146,"column":null}},"38":{"start":{"line":163,"column":14},"end":{"line":163,"column":null}},"39":{"start":{"line":164,"column":14},"end":{"line":164,"column":null}},"40":{"start":{"line":165,"column":14},"end":{"line":171,"column":null}},"41":{"start":{"line":172,"column":14},"end":{"line":178,"column":null}},"42":{"start":{"line":173,"column":16},"end":{"line":173,"column":null}},"43":{"start":{"line":174,"column":16},"end":{"line":177,"column":null}},"44":{"start":{"line":175,"column":18},"end":{"line":175,"column":null}},"45":{"start":{"line":176,"column":18},"end":{"line":176,"column":null}},"46":{"start":{"line":179,"column":20},"end":{"line":179,"column":null}},"47":{"start":{"line":180,"column":14},"end":{"line":180,"column":null}},"48":{"start":{"line":190,"column":14},"end":{"line":197,"column":null}},"49":{"start":{"line":191,"column":16},"end":{"line":191,"column":null}},"50":{"start":{"line":193,"column":22},"end":{"line":193,"column":null}},"51":{"start":{"line":194,"column":16},"end":{"line":194,"column":null}},"52":{"start":{"line":195,"column":16},"end":{"line":195,"column":null}},"53":{"start":{"line":196,"column":16},"end":{"line":196,"column":null}},"54":{"start":{"line":208,"column":14},"end":{"line":214,"column":null}},"55":{"start":{"line":224,"column":14},"end":{"line":229,"column":null}},"56":{"start":{"line":225,"column":16},"end":{"line":225,"column":null}},"57":{"start":{"line":227,"column":16},"end":{"line":227,"column":null}},"58":{"start":{"line":228,"column":16},"end":{"line":228,"column":null}},"59":{"start":{"line":259,"column":16},"end":{"line":294,"column":null}},"60":{"start":{"line":275,"column":24},"end":{"line":275,"column":null}},"61":{"start":{"line":276,"column":24},"end":{"line":276,"column":null}},"62":{"start":{"line":285,"column":24},"end":{"line":285,"column":null}},"63":{"start":{"line":286,"column":24},"end":{"line":286,"column":null}},"64":{"start":{"line":287,"column":30},"end":{"line":287,"column":null}},"65":{"start":{"line":288,"column":24},"end":{"line":288,"column":null}},"66":{"start":{"line":314,"column":18},"end":{"line":314,"column":null}},"67":{"start":{"line":315,"column":18},"end":{"line":315,"column":null}},"68":{"start":{"line":316,"column":18},"end":{"line":316,"column":null}},"69":{"start":{"line":324,"column":18},"end":{"line":324,"column":null}}},"fnMap":{"0":{"name":"LimerickApp","decl":{"start":{"line":14,"column":9},"end":{"line":14,"column":23}},"loc":{"start":{"line":14,"column":23},"end":{"line":335,"column":null}},"line":14},"1":{"name":"(anonymous_1)","decl":{"start":{"line":50,"column":21},"end":{"line":50,"column":22}},"loc":{"start":{"line":50,"column":41},"end":{"line":55,"column":null}},"line":50},"2":{"name":"(anonymous_2)","decl":{"start":{"line":51,"column":13},"end":{"line":51,"column":14}},"loc":{"start":{"line":51,"column":24},"end":{"line":54,"column":6}},"line":51},"3":{"name":"(anonymous_3)","decl":{"start":{"line":57,"column":23},"end":{"line":57,"column":30}},"loc":{"start":{"line":57,"column":45},"end":{"line":87,"column":null}},"line":57},"4":{"name":"(anonymous_4)","decl":{"start":{"line":79,"column":18},"end":{"line":79,"column":19}},"loc":{"start":{"line":79,"column":28},"end":{"line":86,"column":5}},"line":79},"5":{"name":"(anonymous_5)","decl":{"start":{"line":95,"column":21},"end":{"line":95,"column":27}},"loc":{"start":{"line":95,"column":27},"end":{"line":97,"column":null}},"line":95},"6":{"name":"(anonymous_6)","decl":{"start":{"line":118,"column":20},"end":{"line":118,"column":21}},"loc":{"start":{"line":118,"column":31},"end":{"line":118,"column":null}},"line":118},"7":{"name":"(anonymous_7)","decl":{"start":{"line":125,"column":20},"end":{"line":125,"column":21}},"loc":{"start":{"line":125,"column":31},"end":{"line":125,"column":null}},"line":125},"8":{"name":"(anonymous_8)","decl":{"start":{"line":132,"column":20},"end":{"line":132,"column":21}},"loc":{"start":{"line":132,"column":31},"end":{"line":132,"column":null}},"line":132},"9":{"name":"(anonymous_9)","decl":{"start":{"line":139,"column":20},"end":{"line":139,"column":21}},"loc":{"start":{"line":139,"column":31},"end":{"line":139,"column":null}},"line":139},"10":{"name":"(anonymous_10)","decl":{"start":{"line":146,"column":20},"end":{"line":146,"column":21}},"loc":{"start":{"line":146,"column":31},"end":{"line":146,"column":null}},"line":146},"11":{"name":"(anonymous_11)","decl":{"start":{"line":162,"column":21},"end":{"line":162,"column":27}},"loc":{"start":{"line":162,"column":27},"end":{"line":181,"column":null}},"line":162},"12":{"name":"(anonymous_12)","decl":{"start":{"line":172,"column":25},"end":{"line":172,"column":31}},"loc":{"start":{"line":172,"column":31},"end":{"line":178,"column":17}},"line":172},"13":{"name":"(anonymous_13)","decl":{"start":{"line":174,"column":27},"end":{"line":174,"column":33}},"loc":{"start":{"line":174,"column":33},"end":{"line":177,"column":19}},"line":174},"14":{"name":"(anonymous_14)","decl":{"start":{"line":189,"column":21},"end":{"line":189,"column":27}},"loc":{"start":{"line":189,"column":27},"end":{"line":198,"column":null}},"line":189},"15":{"name":"(anonymous_15)","decl":{"start":{"line":207,"column":21},"end":{"line":207,"column":27}},"loc":{"start":{"line":207,"column":27},"end":{"line":215,"column":null}},"line":207},"16":{"name":"(anonymous_16)","decl":{"start":{"line":223,"column":21},"end":{"line":223,"column":27}},"loc":{"start":{"line":223,"column":27},"end":{"line":230,"column":null}},"line":223},"17":{"name":"(anonymous_17)","decl":{"start":{"line":258,"column":33},"end":{"line":258,"column":34}},"loc":{"start":{"line":259,"column":16},"end":{"line":294,"column":null}},"line":259},"18":{"name":"(anonymous_18)","decl":{"start":{"line":274,"column":31},"end":{"line":274,"column":37}},"loc":{"start":{"line":274,"column":37},"end":{"line":277,"column":null}},"line":274},"19":{"name":"(anonymous_19)","decl":{"start":{"line":284,"column":31},"end":{"line":284,"column":37}},"loc":{"start":{"line":284,"column":37},"end":{"line":289,"column":null}},"line":284},"20":{"name":"(anonymous_20)","decl":{"start":{"line":313,"column":25},"end":{"line":313,"column":31}},"loc":{"start":{"line":313,"column":31},"end":{"line":317,"column":null}},"line":313},"21":{"name":"(anonymous_21)","decl":{"start":{"line":323,"column":25},"end":{"line":323,"column":31}},"loc":{"start":{"line":323,"column":31},"end":{"line":325,"column":null}},"line":323}},"branchMap":{"0":{"loc":{"start":{"line":36,"column":8},"end":{"line":41,"column":null}},"type":"binary-expr","locations":[{"start":{"line":36,"column":8},"end":{"line":37,"column":null}},{"start":{"line":37,"column":34},"end":{"line":38,"column":null}},{"start":{"line":38,"column":34},"end":{"line":39,"column":null}},{"start":{"line":39,"column":34},"end":{"line":40,"column":null}},{"start":{"line":40,"column":34},"end":{"line":41,"column":null}}],"line":36},"1":{"loc":{"start":{"line":44,"column":4},"end":{"line":48,"column":null}},"type":"binary-expr","locations":[{"start":{"line":44,"column":4},"end":{"line":44,"column":null}},{"start":{"line":45,"column":4},"end":{"line":45,"column":null}},{"start":{"line":46,"column":4},"end":{"line":46,"column":null}},{"start":{"line":47,"column":4},"end":{"line":47,"column":null}},{"start":{"line":48,"column":4},"end":{"line":48,"column":null}}],"line":44},"2":{"loc":{"start":{"line":62,"column":4},"end":{"line":62,"column":null}},"type":"if","locations":[{"start":{"line":62,"column":4},"end":{"line":62,"column":null}},{"start":{},"end":{}}],"line":62},"3":{"loc":{"start":{"line":147,"column":8},"end":{"line":153,"column":null}},"type":"binary-expr","locations":[{"start":{"line":148,"column":10},"end":{"line":148,"column":24}},{"start":{"line":148,"column":24},"end":{"line":148,"column":null}},{"start":{"line":149,"column":10},"end":{"line":153,"column":null}}],"line":147},"4":{"loc":{"start":{"line":150,"column":52},"end":{"line":150,"column":78}},"type":"cond-expr","locations":[{"start":{"line":150,"column":63},"end":{"line":150,"column":76}},{"start":{"line":150,"column":76},"end":{"line":150,"column":78}}],"line":150},"5":{"loc":{"start":{"line":152,"column":13},"end":{"line":152,"column":null}},"type":"cond-expr","locations":[{"start":{"line":152,"column":21},"end":{"line":152,"column":36}},{"start":{"line":152,"column":36},"end":{"line":152,"column":null}}],"line":152},"6":{"loc":{"start":{"line":160,"column":22},"end":{"line":160,"column":null}},"type":"binary-expr","locations":[{"start":{"line":160,"column":22},"end":{"line":160,"column":37}},{"start":{"line":160,"column":37},"end":{"line":160,"column":null}}],"line":160},"7":{"loc":{"start":{"line":190,"column":14},"end":{"line":197,"column":null}},"type":"if","locations":[{"start":{"line":190,"column":14},"end":{"line":197,"column":null}},{"start":{"line":192,"column":21},"end":{"line":197,"column":null}}],"line":190},"8":{"loc":{"start":{"line":200,"column":13},"end":{"line":200,"column":null}},"type":"cond-expr","locations":[{"start":{"line":200,"column":29},"end":{"line":200,"column":54}},{"start":{"line":200,"column":54},"end":{"line":200,"column":null}}],"line":200},"9":{"loc":{"start":{"line":224,"column":14},"end":{"line":229,"column":null}},"type":"if","locations":[{"start":{"line":224,"column":14},"end":{"line":229,"column":null}},{"start":{"line":226,"column":21},"end":{"line":229,"column":null}}],"line":224},"10":{"loc":{"start":{"line":232,"column":13},"end":{"line":232,"column":null}},"type":"cond-expr","locations":[{"start":{"line":232,"column":27},"end":{"line":232,"column":44}},{"start":{"line":232,"column":44},"end":{"line":232,"column":null}}],"line":232},"11":{"loc":{"start":{"line":236,"column":9},"end":{"line":299,"column":null}},"type":"cond-expr","locations":[{"start":{"line":237,"column":10},"end":{"line":251,"column":null}},{"start":{"line":252,"column":12},"end":{"line":299,"column":null}}],"line":236},"12":{"loc":{"start":{"line":236,"column":9},"end":{"line":236,"column":null}},"type":"binary-expr","locations":[{"start":{"line":236,"column":9},"end":{"line":236,"column":27}},{"start":{"line":236,"column":27},"end":{"line":236,"column":null}}],"line":236},"13":{"loc":{"start":{"line":252,"column":12},"end":{"line":299,"column":null}},"type":"cond-expr","locations":[{"start":{"line":253,"column":10},"end":{"line":297,"column":null}},{"start":{"line":299,"column":10},"end":{"line":299,"column":null}}],"line":252},"14":{"loc":{"start":{"line":255,"column":13},"end":{"line":295,"column":null}},"type":"cond-expr","locations":[{"start":{"line":256,"column":14},"end":{"line":256,"column":null}},{"start":{"line":258,"column":14},"end":{"line":295,"column":null}}],"line":255},"15":{"loc":{"start":{"line":302,"column":7},"end":{"line":331,"column":null}},"type":"binary-expr","locations":[{"start":{"line":302,"column":7},"end":{"line":302,"column":null}},{"start":{"line":303,"column":8},"end":{"line":331,"column":null}}],"line":302}},"s":{"0":2152,"1":2152,"2":2152,"3":2152,"4":2152,"5":2152,"6":2152,"7":2152,"8":2152,"9":2152,"10":2152,"11":2152,"12":2152,"13":2104,"14":2104,"15":2152,"16":1,"17":1,"18":0,"19":1,"20":1,"21":1,"22":1,"23":1,"24":1,"25":1,"26":0,"27":0,"28":0,"29":0,"30":0,"31":2152,"32":0,"33":494,"34":476,"35":266,"36":308,"37":560,"38":10,"39":10,"40":10,"41":10,"42":8,"43":8,"44":8,"45":8,"46":10,"47":10,"48":9,"49":0,"50":9,"51":9,"52":9,"53":9,"54":1,"55":0,"56":0,"57":0,"58":0,"59":13,"60":4,"61":4,"62":1,"63":1,"64":1,"65":1,"66":1,"67":1,"68":1,"69":1},"f":{"0":2152,"1":2104,"2":2104,"3":1,"4":0,"5":0,"6":494,"7":476,"8":266,"9":308,"10":560,"11":10,"12":8,"13":8,"14":9,"15":1,"16":0,"17":13,"18":4,"19":1,"20":1,"21":1},"b":{"0":[2152,1722,1260,924,630],"1":[2152,48,48,48,48],"2":[0,1],"3":[2152,2012,164],"4":[0,164],"5":[24,140],"6":[2152,140],"7":[0,9],"8":[16,2136],"9":[0,0],"10":[0,2152],"11":[0,2152],"12":[2152,2136],"13":[16,2136],"14":[3,13],"15":[2152,4]},"meta":{"lastBranch":16,"lastFunction":22,"lastStatement":70,"seen":{"f:14:9:14:23":0,"s:15:8:15:Infinity":0,"s:17:24:23:Infinity":1,"s:25:24:25:Infinity":2,"s:26:40:26:Infinity":3,"s:27:42:27:Infinity":4,"s:28:48:28:Infinity":5,"s:29:34:29:Infinity":6,"s:30:30:30:Infinity":7,"s:31:36:31:Infinity":8,"s:33:26:33:Infinity":9,"s:36:8:41:Infinity":10,"b:36:8:37:Infinity:37:34:38:Infinity:38:34:39:Infinity:39:34:40:Infinity:40:34:41:Infinity":0,"s:44:4:48:Infinity":11,"b:44:4:44:Infinity:45:4:45:Infinity:46:4:46:Infinity:47:4:47:Infinity:48:4:48:Infinity":1,"s:50:21:55:Infinity":12,"f:50:21:50:22":1,"s:51:4:54:Infinity":13,"f:51:13:51:14":2,"s:51:24:54:6":14,"s:57:23:87:Infinity":15,"f:57:23:57:30":3,"s:59:24:61:Infinity":16,"b:62:4:62:Infinity:undefined:undefined:undefined:undefined":2,"s:62:4:62:Infinity":17,"s:62:22:62:Infinity":18,"s:65:20:65:Infinity":19,"s:66:28:66:Infinity":20,"s:67:4:67:Infinity":21,"s:70:4:70:Infinity":22,"s:73:19:73:Infinity":23,"s:76:4:76:Infinity":24,"s:79:4:86:Infinity":25,"f:79:18:79:19":4,"s:81:18:81:Infinity":26,"s:82:19:82:Infinity":27,"s:83:6:83:Infinity":28,"s:84:6:84:Infinity":29,"s:85:6:85:Infinity":30,"s:89:2:333:Infinity":31,"f:95:21:95:27":5,"s:96:14:96:Infinity":32,"f:118:20:118:21":6,"s:118:31:118:Infinity":33,"f:125:20:125:21":7,"s:125:31:125:Infinity":34,"f:132:20:132:21":8,"s:132:31:132:Infinity":35,"f:139:20:139:21":9,"s:139:31:139:Infinity":36,"f:146:20:146:21":10,"s:146:31:146:Infinity":37,"b:148:10:148:24:148:24:148:Infinity:149:10:153:Infinity":3,"b:150:63:150:76:150:76:150:78":4,"b:152:21:152:36:152:36:152:Infinity":5,"b:160:22:160:37:160:37:160:Infinity":6,"f:162:21:162:27":11,"s:163:14:163:Infinity":38,"s:164:14:164:Infinity":39,"s:165:14:171:Infinity":40,"s:172:14:178:Infinity":41,"f:172:25:172:31":12,"s:173:16:173:Infinity":42,"s:174:16:177:Infinity":43,"f:174:27:174:33":13,"s:175:18:175:Infinity":44,"s:176:18:176:Infinity":45,"s:179:20:179:Infinity":46,"s:180:14:180:Infinity":47,"f:189:21:189:27":14,"b:190:14:197:Infinity:192:21:197:Infinity":7,"s:190:14:197:Infinity":48,"s:191:16:191:Infinity":49,"s:193:22:193:Infinity":50,"s:194:16:194:Infinity":51,"s:195:16:195:Infinity":52,"s:196:16:196:Infinity":53,"b:200:29:200:54:200:54:200:Infinity":8,"f:207:21:207:27":15,"s:208:14:214:Infinity":54,"f:223:21:223:27":16,"b:224:14:229:Infinity:226:21:229:Infinity":9,"s:224:14:229:Infinity":55,"s:225:16:225:Infinity":56,"s:227:16:227:Infinity":57,"s:228:16:228:Infinity":58,"b:232:27:232:44:232:44:232:Infinity":10,"b:237:10:251:Infinity:252:12:299:Infinity":11,"b:236:9:236:27:236:27:236:Infinity":12,"b:253:10:297:Infinity:299:10:299:Infinity":13,"b:256:14:256:Infinity:258:14:295:Infinity":14,"f:258:33:258:34":17,"s:259:16:294:Infinity":59,"f:274:31:274:37":18,"s:275:24:275:Infinity":60,"s:276:24:276:Infinity":61,"f:284:31:284:37":19,"s:285:24:285:Infinity":62,"s:286:24:286:Infinity":63,"s:287:30:287:Infinity":64,"s:288:24:288:Infinity":65,"b:302:7:302:Infinity:303:8:331:Infinity":15,"f:313:25:313:31":20,"s:314:18:314:Infinity":66,"s:315:18:315:Infinity":67,"s:316:18:316:Infinity":68,"f:323:25:323:31":21,"s:324:18:324:Infinity":69}}}
,"/Users/ryanskeels/repos/poetry-app/src/pages/Limerick/LimerickLine.css": {"path":"/Users/ryanskeels/repos/poetry-app/src/pages/Limerick/LimerickLine.css","statementMap":{},"fnMap":{},"branchMap":{},"s":{},"f":{},"b":{},"meta":{"lastBranch":0,"lastFunction":0,"lastStatement":0,"seen":{}}}
,"/Users/ryanskeels/repos/poetry-app/src/pages/Limerick/LimerickLine.jsx": {"path":"/Users/ryanskeels/repos/poetry-app/src/pages/Limerick/LimerickLine.jsx","statementMap":{"0":{"start":{"line":6,"column":8},"end":{"line":6,"column":null}},"1":{"start":{"line":9,"column":15},"end":{"line":9,"column":null}},"2":{"start":{"line":10,"column":2},"end":{"line":14,"column":null}},"3":{"start":{"line":11,"column":4},"end":{"line":11,"column":null}},"4":{"start":{"line":12,"column":2},"end":{"line":14,"column":null}},"5":{"start":{"line":13,"column":4},"end":{"line":13,"column":null}},"6":{"start":{"line":17,"column":29},"end":{"line":20,"column":null}},"7":{"start":{"line":24,"column":4},"end":{"line":24,"column":null}},"8":{"start":{"line":26,"column":4},"end":{"line":26,"column":null}},"9":{"start":{"line":27,"column":2},"end":{"line":50,"column":null}},"10":{"start":{"line":35,"column":27},"end":{"line":35,"column":null}}},"fnMap":{"0":{"name":"LimerickLine","decl":{"start":{"line":5,"column":9},"end":{"line":5,"column":22}},"loc":{"start":{"line":5,"column":72},"end":{"line":52,"column":null}},"line":5},"1":{"name":"(anonymous_1)","decl":{"start":{"line":35,"column":20},"end":{"line":35,"column":21}},"loc":{"start":{"line":35,"column":27},"end":{"line":35,"column":null}},"line":35}},"branchMap":{"0":{"loc":{"start":{"line":10,"column":2},"end":{"line":14,"column":null}},"type":"if","locations":[{"start":{"line":10,"column":2},"end":{"line":14,"column":null}},{"start":{"line":12,"column":2},"end":{"line":14,"column":null}}],"line":10},"1":{"loc":{"start":{"line":12,"column":2},"end":{"line":14,"column":null}},"type":"if","locations":[{"start":{"line":12,"column":2},"end":{"line":14,"column":null}},{"start":{},"end":{}}],"line":12},"2":{"loc":{"start":{"line":24,"column":4},"end":{"line":24,"column":null}},"type":"cond-expr","locations":[{"start":{"line":24,"column":43},"end":{"line":24,"column":55}},{"start":{"line":24,"column":55},"end":{"line":24,"column":null}}],"line":24},"3":{"loc":{"start":{"line":24,"column":4},"end":{"line":24,"column":43}},"type":"binary-expr","locations":[{"start":{"line":24,"column":4},"end":{"line":24,"column":24}},{"start":{"line":24,"column":24},"end":{"line":24,"column":43}}],"line":24},"4":{"loc":{"start":{"line":26,"column":4},"end":{"line":26,"column":null}},"type":"cond-expr","locations":[{"start":{"line":26,"column":43},"end":{"line":26,"column":53}},{"start":{"line":26,"column":53},"end":{"line":26,"column":null}}],"line":26},"5":{"loc":{"start":{"line":26,"column":4},"end":{"line":26,"column":43}},"type":"binary-expr","locations":[{"start":{"line":26,"column":4},"end":{"line":26,"column":24}},{"start":{"line":26,"column":24},"end":{"line":26,"column":43}}],"line":26},"6":{"loc":{"start":{"line":46,"column":29},"end":{"line":46,"column":null}},"type":"cond-expr","locations":[{"start":{"line":46,"column":52},"end":{"line":46,"column":64}},{"start":{"line":46,"column":64},"end":{"line":46,"column":null}}],"line":46}},"s":{"0":10760,"1":10760,"2":10760,"3":6084,"4":4676,"5":4676,"6":10760,"7":10760,"8":10760,"9":10760,"10":2104},"f":{"0":10760,"1":2104},"b":{"0":[6084,4676],"1":[4676,0],"2":[4304,6456],"3":[10760,8608],"4":[4304,6456],"5":[10760,8608],"6":[4676,6084]},"meta":{"lastBranch":7,"lastFunction":2,"lastStatement":11,"seen":{"f:5:9:5:22":0,"s:6:8:6:Infinity":0,"s:9:15:9:Infinity":1,"b:10:2:14:Infinity:12:2:14:Infinity":0,"s:10:2:14:Infinity":2,"s:11:4:11:Infinity":3,"b:12:2:14:Infinity:undefined:undefined:undefined:undefined":1,"s:12:2:14:Infinity":4,"s:13:4:13:Infinity":5,"s:17:29:20:Infinity":6,"s:24:4:24:Infinity":7,"b:24:43:24:55:24:55:24:Infinity":2,"b:24:4:24:24:24:24:24:43":3,"s:26:4:26:Infinity":8,"b:26:43:26:53:26:53:26:Infinity":4,"b:26:4:26:24:26:24:26:43":5,"s:27:2:50:Infinity":9,"f:35:20:35:21":1,"s:35:27:35:Infinity":10,"b:46:52:46:64:46:64:46:Infinity":6}}}
,"/Users/ryanskeels/repos/poetry-app/src/pages/Limerick/limericksStorage.js": {"path":"/Users/ryanskeels/repos/poetry-app/src/pages/Limerick/limericksStorage.js","statementMap":{"0":{"start":{"line":3,"column":19},"end":{"line":3,"column":36}},"1":{"start":{"line":6,"column":22},"end":{"line":10,"column":3}},"2":{"start":{"line":11,"column":2},"end":{"line":11,"column":null}},"3":{"start":{"line":12,"column":2},"end":{"line":12,"column":null}},"4":{"start":{"line":14,"column":2},"end":{"line":14,"column":null}},"5":{"start":{"line":18,"column":2},"end":{"line":18,"column":null}},"6":{"start":{"line":20,"column":17},"end":{"line":20,"column":34}},"7":{"start":{"line":21,"column":2},"end":{"line":21,"column":null}},"8":{"start":{"line":23,"column":23},"end":{"line":23,"column":58}},"9":{"start":{"line":23,"column":46},"end":{"line":23,"column":57}},"10":{"start":{"line":24,"column":2},"end":{"line":24,"column":null}},"11":{"start":{"line":25,"column":2},"end":{"line":25,"column":null}},"12":{"start":{"line":29,"column":17},"end":{"line":29,"column":50}},"13":{"start":{"line":30,"column":2},"end":{"line":30,"column":null}}},"fnMap":{"0":{"name":"saveLimerick","decl":{"start":{"line":1,"column":16},"end":{"line":1,"column":28}},"loc":{"start":{"line":1,"column":39},"end":{"line":15,"column":null}},"line":1},"1":{"name":"deleteLimerick","decl":{"start":{"line":17,"column":16},"end":{"line":17,"column":30}},"loc":{"start":{"line":17,"column":35},"end":{"line":26,"column":null}},"line":17},"2":{"name":"(anonymous_2)","decl":{"start":{"line":23,"column":39},"end":{"line":23,"column":40}},"loc":{"start":{"line":23,"column":46},"end":{"line":23,"column":57}},"line":23},"3":{"name":"getAllLimericks","decl":{"start":{"line":28,"column":16},"end":{"line":28,"column":31}},"loc":{"start":{"line":28,"column":34},"end":{"line":31,"column":null}},"line":28}},"branchMap":{"0":{"loc":{"start":{"line":30,"column":9},"end":{"line":30,"column":41}},"type":"cond-expr","locations":[{"start":{"line":30,"column":18},"end":{"line":30,"column":36}},{"start":{"line":30,"column":39},"end":{"line":30,"column":41}}],"line":30}},"s":{"0":14,"1":14,"2":14,"3":14,"4":14,"5":2,"6":2,"7":2,"8":2,"9":3,"10":2,"11":2,"12":41,"13":41},"f":{"0":14,"1":2,"2":3,"3":41},"b":{"0":[26,15]},"meta":{"lastBranch":1,"lastFunction":4,"lastStatement":14,"seen":{"f:1:16:1:28":0,"s:3:19:3:36":0,"s:6:22:10:3":1,"s:11:2:11:Infinity":2,"s:12:2:12:Infinity":3,"s:14:2:14:Infinity":4,"f:17:16:17:30":1,"s:18:2:18:Infinity":5,"s:20:17:20:34":6,"s:21:2:21:Infinity":7,"s:23:23:23:58":8,"f:23:39:23:40":2,"s:23:46:23:57":9,"s:24:2:24:Infinity":10,"s:25:2:25:Infinity":11,"f:28:16:28:31":3,"s:29:17:29:50":12,"s:30:2:30:Infinity":13,"b:30:18:30:36:30:39:30:41":0}}}
,"/Users/ryanskeels/repos/poetry-app/src/pages/Limerick/syllableCounter.js": {"path":"/Users/ryanskeels/repos/poetry-app/src/pages/Limerick/syllableCounter.js","statementMap":{"0":{"start":{"line":2,"column":2},"end":{"line":2,"column":null}},"1":{"start":{"line":2,"column":29},"end":{"line":2,"column":null}},"2":{"start":{"line":4,"column":2},"end":{"line":4,"column":null}},"3":{"start":{"line":5,"column":16},"end":{"line":5,"column":67}},"4":{"start":{"line":5,"column":51},"end":{"line":5,"column":66}},"5":{"start":{"line":7,"column":23},"end":{"line":7,"column":24}},"6":{"start":{"line":9,"column":2},"end":{"line":76,"column":null}},"7":{"start":{"line":10,"column":20},"end":{"line":10,"column":21}},"8":{"start":{"line":13,"column":4},"end":{"line":69,"column":null}},"9":{"start":{"line":14,"column":19},"end":{"line":14,"column":36}},"10":{"start":{"line":15,"column":25},"end":{"line":15,"column":49}},"11":{"start":{"line":16,"column":6},"end":{"line":16,"column":null}},"12":{"start":{"line":18,"column":6},"end":{"line":18,"column":null}},"13":{"start":{"line":20,"column":6},"end":{"line":27,"column":null}},"14":{"start":{"line":26,"column":8},"end":{"line":26,"column":null}},"15":{"start":{"line":30,"column":9},"end":{"line":69,"column":null}},"16":{"start":{"line":31,"column":19},"end":{"line":31,"column":36}},"17":{"start":{"line":32,"column":25},"end":{"line":32,"column":49}},"18":{"start":{"line":33,"column":6},"end":{"line":33,"column":null}},"19":{"start":{"line":36,"column":6},"end":{"line":42,"column":null}},"20":{"start":{"line":40,"column":11},"end":{"line":42,"column":null}},"21":{"start":{"line":41,"column":8},"end":{"line":41,"column":null}},"22":{"start":{"line":46,"column":6},"end":{"line":48,"column":null}},"23":{"start":{"line":47,"column":8},"end":{"line":47,"column":null}},"24":{"start":{"line":51,"column":26},"end":{"line":51,"column":50}},"25":{"start":{"line":52,"column":6},"end":{"line":54,"column":null}},"26":{"start":{"line":53,"column":8},"end":{"line":53,"column":null}},"27":{"start":{"line":55,"column":6},"end":{"line":57,"column":null}},"28":{"start":{"line":56,"column":8},"end":{"line":56,"column":null}},"29":{"start":{"line":58,"column":6},"end":{"line":60,"column":null}},"30":{"start":{"line":59,"column":8},"end":{"line":59,"column":null}},"31":{"start":{"line":62,"column":6},"end":{"line":68,"column":null}},"32":{"start":{"line":67,"column":8},"end":{"line":67,"column":null}},"33":{"start":{"line":71,"column":4},"end":{"line":73,"column":null}},"34":{"start":{"line":72,"column":6},"end":{"line":72,"column":null}},"35":{"start":{"line":75,"column":4},"end":{"line":75,"column":null}},"36":{"start":{"line":78,"column":2},"end":{"line":78,"column":null}}},"fnMap":{"0":{"name":"countSyllables","decl":{"start":{"line":1,"column":16},"end":{"line":1,"column":30}},"loc":{"start":{"line":1,"column":37},"end":{"line":79,"column":null}},"line":1},"1":{"name":"(anonymous_1)","decl":{"start":{"line":5,"column":41},"end":{"line":5,"column":42}},"loc":{"start":{"line":5,"column":51},"end":{"line":5,"column":66}},"line":5},"2":{"name":"(anonymous_2)","decl":{"start":{"line":9,"column":16},"end":{"line":9,"column":17}},"loc":{"start":{"line":9,"column":26},"end":{"line":76,"column":3}},"line":9}},"branchMap":{"0":{"loc":{"start":{"line":2,"column":2},"end":{"line":2,"column":null}},"type":"if","locations":[{"start":{"line":2,"column":2},"end":{"line":2,"column":null}},{"start":{},"end":{}}],"line":2},"1":{"loc":{"start":{"line":2,"column":6},"end":{"line":2,"column":27}},"type":"binary-expr","locations":[{"start":{"line":2,"column":6},"end":{"line":2,"column":18}},{"start":{"line":2,"column":22},"end":{"line":2,"column":27}}],"line":2},"2":{"loc":{"start":{"line":13,"column":4},"end":{"line":69,"column":null}},"type":"if","locations":[{"start":{"line":13,"column":4},"end":{"line":69,"column":null}},{"start":{"line":30,"column":9},"end":{"line":69,"column":null}}],"line":13},"3":{"loc":{"start":{"line":13,"column":8},"end":{"line":13,"column":47}},"type":"binary-expr","locations":[{"start":{"line":13,"column":8},"end":{"line":13,"column":28}},{"start":{"line":13,"column":32},"end":{"line":13,"column":47}}],"line":13},"4":{"loc":{"start":{"line":16,"column":18},"end":{"line":16,"column":52}},"type":"cond-expr","locations":[{"start":{"line":16,"column":31},"end":{"line":16,"column":48}},{"start":{"line":16,"column":51},"end":{"line":16,"column":52}}],"line":16},"5":{"loc":{"start":{"line":20,"column":6},"end":{"line":27,"column":null}},"type":"if","locations":[{"start":{"line":20,"column":6},"end":{"line":27,"column":null}},{"start":{},"end":{}}],"line":20},"6":{"loc":{"start":{"line":21,"column":8},"end":{"line":24,"column":null}},"type":"binary-expr","locations":[{"start":{"line":21,"column":8},"end":{"line":21,"column":26}},{"start":{"line":22,"column":8},"end":{"line":22,"column":28}},{"start":{"line":23,"column":8},"end":{"line":23,"column":21}},{"start":{"line":24,"column":8},"end":{"line":24,"column":null}}],"line":21},"7":{"loc":{"start":{"line":30,"column":9},"end":{"line":69,"column":null}},"type":"if","locations":[{"start":{"line":30,"column":9},"end":{"line":69,"column":null}},{"start":{"line":49,"column":11},"end":{"line":69,"column":null}}],"line":30},"8":{"loc":{"start":{"line":30,"column":13},"end":{"line":30,"column":51}},"type":"binary-expr","locations":[{"start":{"line":30,"column":13},"end":{"line":30,"column":32}},{"start":{"line":30,"column":36},"end":{"line":30,"column":51}}],"line":30},"9":{"loc":{"start":{"line":33,"column":18},"end":{"line":33,"column":52}},"type":"cond-expr","locations":[{"start":{"line":33,"column":31},"end":{"line":33,"column":48}},{"start":{"line":33,"column":51},"end":{"line":33,"column":52}}],"line":33},"10":{"loc":{"start":{"line":36,"column":6},"end":{"line":42,"column":null}},"type":"if","locations":[{"start":{"line":36,"column":6},"end":{"line":42,"column":null}},{"start":{"line":40,"column":11},"end":{"line":42,"column":null}}],"line":36},"11":{"loc":{"start":{"line":36,"column":10},"end":{"line":36,"column":50}},"type":"binary-expr","locations":[{"start":{"line":36,"column":10},"end":{"line":36,"column":28}},{"start":{"line":36,"column":32},"end":{"line":36,"column":50}}],"line":36},"12":{"loc":{"start":{"line":40,"column":11},"end":{"line":42,"column":null}},"type":"if","locations":[{"start":{"line":40,"column":11},"end":{"line":42,"column":null}},{"start":{},"end":{}}],"line":40},"13":{"loc":{"start":{"line":40,"column":15},"end":{"line":40,"column":55}},"type":"binary-expr","locations":[{"start":{"line":40,"column":15},"end":{"line":40,"column":33}},{"start":{"line":40,"column":37},"end":{"line":40,"column":55}}],"line":40},"14":{"loc":{"start":{"line":46,"column":6},"end":{"line":48,"column":null}},"type":"if","locations":[{"start":{"line":46,"column":6},"end":{"line":48,"column":null}},{"start":{},"end":{}}],"line":46},"15":{"loc":{"start":{"line":46,"column":10},"end":{"line":46,"column":45}},"type":"binary-expr","locations":[{"start":{"line":46,"column":10},"end":{"line":46,"column":28}},{"start":{"line":46,"column":32},"end":{"line":46,"column":45}}],"line":46},"16":{"loc":{"start":{"line":52,"column":6},"end":{"line":54,"column":null}},"type":"if","locations":[{"start":{"line":52,"column":6},"end":{"line":54,"column":null}},{"start":{},"end":{}}],"line":52},"17":{"loc":{"start":{"line":55,"column":6},"end":{"line":57,"column":null}},"type":"if","locations":[{"start":{"line":55,"column":6},"end":{"line":57,"column":null}},{"start":{},"end":{}}],"line":55},"18":{"loc":{"start":{"line":55,"column":10},"end":{"line":55,"column":48}},"type":"binary-expr","locations":[{"start":{"line":55,"column":10},"end":{"line":55,"column":31}},{"start":{"line":55,"column":35},"end":{"line":55,"column":48}}],"line":55},"19":{"loc":{"start":{"line":58,"column":6},"end":{"line":60,"column":null}},"type":"if","locations":[{"start":{"line":58,"column":6},"end":{"line":60,"column":null}},{"start":{},"end":{}}],"line":58},"20":{"loc":{"start":{"line":58,"column":10},"end":{"line":58,"column":45}},"type":"binary-expr","locations":[{"start":{"line":58,"column":10},"end":{"line":58,"column":28}},{"start":{"line":58,"column":32},"end":{"line":58,"column":45}}],"line":58},"21":{"loc":{"start":{"line":62,"column":6},"end":{"line":68,"column":null}},"type":"if","locations":[{"start":{"line":62,"column":6},"end":{"line":68,"column":null}},{"start":{},"end":{}}],"line":62},"22":{"loc":{"start":{"line":63,"column":8},"end":{"line":65,"column":null}},"type":"binary-expr","locations":[{"start":{"line":63,"column":8},"end":{"line":63,"column":27}},{"start":{"line":64,"column":8},"end":{"line":64,"column":23}},{"start":{"line":65,"column":8},"end":{"line":65,"column":null}}],"line":63},"23":{"loc":{"start":{"line":71,"column":4},"end":{"line":73,"column":null}},"type":"if","locations":[{"start":{"line":71,"column":4},"end":{"line":73,"column":null}},{"start":{},"end":{}}],"line":71}},"s":{"0":17448,"1":4896,"2":12552,"3":12552,"4":75906,"5":12552,"6":12552,"7":75060,"8":75060,"9":0,"10":0,"11":0,"12":0,"13":0,"14":0,"15":75060,"16":2324,"17":2324,"18":2324,"19":2324,"20":0,"21":0,"22":2324,"23":0,"24":72736,"25":72736,"26":72030,"27":72736,"28":0,"29":72736,"30":5126,"31":72736,"32":0,"33":75060,"34":706,"35":75060,"36":12552},"f":{"0":17448,"1":75906,"2":75060},"b":{"0":[4896,12552],"1":[17448,12552],"2":[0,75060],"3":[75060,0],"4":[0,0],"5":[0,0],"6":[0,0,0,0],"7":[2324,72736],"8":[75060,2324],"9":[2324,0],"10":[2324,0],"11":[2324,2324],"12":[0,0],"13":[0,0],"14":[0,2324],"15":[2324,0],"16":[72030,706],"17":[0,72736],"18":[72736,0],"19":[5126,67610],"20":[72736,5350],"21":[0,72736],"22":[72736,0,0],"23":[706,74354]},"meta":{"lastBranch":24,"lastFunction":3,"lastStatement":37,"seen":{"f:1:16:1:30":0,"b:2:2:2:Infinity:undefined:undefined:undefined:undefined":0,"s:2:2:2:Infinity":0,"b:2:6:2:18:2:22:2:27":1,"s:2:29:2:Infinity":1,"s:4:2:4:Infinity":2,"s:5:16:5:67":3,"f:5:41:5:42":1,"s:5:51:5:66":4,"s:7:23:7:24":5,"s:9:2:76:Infinity":6,"f:9:16:9:17":2,"s:10:20:10:21":7,"b:13:4:69:Infinity:30:9:69:Infinity":2,"s:13:4:69:Infinity":8,"b:13:8:13:28:13:32:13:47":3,"s:14:19:14:36":9,"s:15:25:15:49":10,"s:16:6:16:Infinity":11,"b:16:31:16:48:16:51:16:52":4,"s:18:6:18:Infinity":12,"b:20:6:27:Infinity:undefined:undefined:undefined:undefined":5,"s:20:6:27:Infinity":13,"b:21:8:21:26:22:8:22:28:23:8:23:21:24:8:24:Infinity":6,"s:26:8:26:Infinity":14,"b:30:9:69:Infinity:49:11:69:Infinity":7,"s:30:9:69:Infinity":15,"b:30:13:30:32:30:36:30:51":8,"s:31:19:31:36":16,"s:32:25:32:49":17,"s:33:6:33:Infinity":18,"b:33:31:33:48:33:51:33:52":9,"b:36:6:42:Infinity:40:11:42:Infinity":10,"s:36:6:42:Infinity":19,"b:36:10:36:28:36:32:36:50":11,"b:40:11:42:Infinity:undefined:undefined:undefined:undefined":12,"s:40:11:42:Infinity":20,"b:40:15:40:33:40:37:40:55":13,"s:41:8:41:Infinity":21,"b:46:6:48:Infinity:undefined:undefined:undefined:undefined":14,"s:46:6:48:Infinity":22,"b:46:10:46:28:46:32:46:45":15,"s:47:8:47:Infinity":23,"s:51:26:51:50":24,"b:52:6:54:Infinity:undefined:undefined:undefined:undefined":16,"s:52:6:54:Infinity":25,"s:53:8:53:Infinity":26,"b:55:6:57:Infinity:undefined:undefined:undefined:undefined":17,"s:55:6:57:Infinity":27,"b:55:10:55:31:55:35:55:48":18,"s:56:8:56:Infinity":28,"b:58:6:60:Infinity:undefined:undefined:undefined:undefined":19,"s:58:6:60:Infinity":29,"b:58:10:58:28:58:32:58:45":20,"s:59:8:59:Infinity":30,"b:62:6:68:Infinity:undefined:undefined:undefined:undefined":21,"s:62:6:68:Infinity":31,"b:63:8:63:27:64:8:64:23:65:8:65:Infinity":22,"s:67:8:67:Infinity":32,"b:71:4:73:Infinity:undefined:undefined:undefined:undefined":23,"s:71:4:73:Infinity":33,"s:72:6:72:Infinity":34,"s:75:4:75:Infinity":35,"s:78:2:78:Infinity":36}}}
,"/Users/ryanskeels/repos/poetry-app/src/routes/root.css": {"path":"/Users/ryanskeels/repos/poetry-app/src/routes/root.css","statementMap":{},"fnMap":{},"branchMap":{},"s":{},"f":{},"b":{},"meta":{"lastBranch":0,"lastFunction":0,"lastStatement":0,"seen":{}}}
,"/Users/ryanskeels/repos/poetry-app/src/routes/root.jsx": {"path":"/Users/ryanskeels/repos/poetry-app/src/routes/root.jsx","statementMap":{"0":{"start":{"line":6,"column":35},"end":{"line":6,"column":null}},"1":{"start":{"line":7,"column":2},"end":{"line":7,"column":null}},"2":{"start":{"line":8,"column":2},"end":{"line":35,"column":null}}},"fnMap":{"0":{"name":"Root","decl":{"start":{"line":5,"column":24},"end":{"line":5,"column":31}},"loc":{"start":{"line":5,"column":31},"end":{"line":37,"column":null}},"line":5}},"branchMap":{},"s":{"0":10,"1":10,"2":10},"f":{"0":10},"b":{},"meta":{"lastBranch":0,"lastFunction":1,"lastStatement":3,"seen":{"f:5:24:5:31":0,"s:6:35:6:Infinity":0,"s:7:2:7:Infinity":1,"s:8:2:35:Infinity":2}}}
,"/Users/ryanskeels/repos/poetry-app/src/utils/wordCache.js": {"path":"/Users/ryanskeels/repos/poetry-app/src/utils/wordCache.js","statementMap":{"0":{"start":{"line":1,"column":18},"end":{"line":1,"column":29}},"1":{"start":{"line":5,"column":17},"end":{"line":5,"column":48}},"2":{"start":{"line":6,"column":14},"end":{"line":6,"column":46}},"3":{"start":{"line":8,"column":2},"end":{"line":13,"column":null}},"4":{"start":{"line":9,"column":4},"end":{"line":9,"column":null}},"5":{"start":{"line":11,"column":4},"end":{"line":11,"column":null}},"6":{"start":{"line":12,"column":4},"end":{"line":12,"column":null}},"7":{"start":{"line":17,"column":17},"end":{"line":17,"column":48}},"8":{"start":{"line":18,"column":16},"end":{"line":18,"column":48}},"9":{"start":{"line":19,"column":2},"end":{"line":19,"column":null}}},"fnMap":{"0":{"name":"saveWordToCache","decl":{"start":{"line":3,"column":16},"end":{"line":3,"column":31}},"loc":{"start":{"line":3,"column":48},"end":{"line":14,"column":null}},"line":3},"1":{"name":"getWordFromCache","decl":{"start":{"line":16,"column":16},"end":{"line":16,"column":32}},"loc":{"start":{"line":16,"column":39},"end":{"line":20,"column":null}},"line":16}},"branchMap":{"0":{"loc":{"start":{"line":6,"column":14},"end":{"line":6,"column":46}},"type":"cond-expr","locations":[{"start":{"line":6,"column":23},"end":{"line":6,"column":41}},{"start":{"line":6,"column":44},"end":{"line":6,"column":46}}],"line":6},"1":{"loc":{"start":{"line":8,"column":2},"end":{"line":13,"column":null}},"type":"if","locations":[{"start":{"line":8,"column":2},"end":{"line":13,"column":null}},{"start":{"line":10,"column":9},"end":{"line":13,"column":null}}],"line":8},"2":{"loc":{"start":{"line":18,"column":16},"end":{"line":18,"column":48}},"type":"cond-expr","locations":[{"start":{"line":18,"column":25},"end":{"line":18,"column":43}},{"start":{"line":18,"column":46},"end":{"line":18,"column":48}}],"line":18},"3":{"loc":{"start":{"line":19,"column":9},"end":{"line":19,"column":26}},"type":"binary-expr","locations":[{"start":{"line":19,"column":9},"end":{"line":19,"column":20}},{"start":{"line":19,"column":24},"end":{"line":19,"column":26}}],"line":19}},"s":{"0":5,"1":162,"2":162,"3":162,"4":18,"5":144,"6":144,"7":195,"8":195,"9":195},"f":{"0":162,"1":195},"b":{"0":[136,26],"1":[18,144],"2":[121,74],"3":[195,162]},"meta":{"lastBranch":4,"lastFunction":2,"lastStatement":10,"seen":{"s:1:18:1:29":0,"f:3:16:3:31":0,"s:5:17:5:48":1,"s:6:14:6:46":2,"b:6:23:6:41:6:44:6:46":0,"b:8:2:13:Infinity:10:9:13:Infinity":1,"s:8:2:13:Infinity":3,"s:9:4:9:Infinity":4,"s:11:4:11:Infinity":5,"s:12:4:12:Infinity":6,"f:16:16:16:32":1,"s:17:17:17:48":7,"s:18:16:18:48":8,"b:18:25:18:43:18:46:18:48":2,"s:19:2:19:Infinity":9,"b:19:9:19:20:19:24:19:26":3}}}
}
